2025-08-19 10:15:59,961 [INFO] Activator:176 - 


2025-08-19 10:15:59,963 [INFO] Activator:177 - !SESSION log4j initialized
2025-08-19 10:16:13,314 [INFO] LogOutputStream:77 - [STDOUT_REDIRECT] 
2025-08-19 10:16:15,472 [INFO] ApplicationProperties:184 - Using Application install path: D:\STM32CubeIDE_1.16.0\STM32CubeIDE\plugins\com.st.stm32cube.common.mx_6.12.0.202406281431
2025-08-19 10:16:15,490 [INFO] DbMcusXml:78 - Set database path to: D:\STM32CubeIDE_1.16.0\STM32CubeIDE\plugins\com.st.stm32cube.common.mx_6.12.0.202406281431\\db\/mcu/
2025-08-19 10:16:15,490 [INFO] ApiDb:274 - Set plugin database path to: D:\STM32CubeIDE_1.16.0\STM32CubeIDE\plugins\com.st.stm32cube.common.mx_6.12.0.202406281431\\db\/plugins/boardmanager/
2025-08-19 10:16:15,492 [WARN] ApiDb:259 - Overriding images path with different value:  => D:\STM32CubeIDE_1.16.0\STM32CubeIDE\plugins\com.st.stm32cube.common.mx_6.12.0.202406281431\\db\/plugins/mcufinder/images/
2025-08-19 10:16:15,507 [INFO] ApiDb:250 - Set database path to: C:\Users\Truong Quoc Huy\.stmcufinder\plugins\mcufinder//mcu/
2025-08-19 10:16:15,509 [INFO] DbMcusAds:125 - Set database path to: C:\Users\Truong Quoc Huy\.stmcufinder\plugins\mcufinder//mcu/
2025-08-19 10:16:15,514 [INFO] CrossReferenceDbSqlite:203 - Set database path to: C:\Users\Truong Quoc Huy\.stmcufinder\plugins\mcufinder//mcu/cs/
2025-08-19 10:16:15,645 [INFO] RulesReader:64 - Compatibility file has been processed (297 Rules)
2025-08-19 10:16:15,739 [INFO] DbMcusXml:78 - Set database path to: D:\STM32CubeIDE_1.16.0\STM32CubeIDE\plugins\com.st.stm32cube.common.mx_6.12.0.202406281431\\db\/mcu/
2025-08-19 10:16:15,739 [INFO] ApiDb:274 - Set plugin database path to: D:\STM32CubeIDE_1.16.0\STM32CubeIDE\plugins\com.st.stm32cube.common.mx_6.12.0.202406281431\\db\/plugins/boardmanager/
2025-08-19 10:16:15,740 [INFO] ApiDb:261 - Set plugin images path to: D:\STM32CubeIDE_1.16.0\STM32CubeIDE\plugins\com.st.stm32cube.common.mx_6.12.0.202406281431\\db\/plugins/mcufinder/images/
2025-08-19 10:16:15,741 [WARN] DbFile:41 - Overriding database path with different value: C:\Users\Truong Quoc Huy\.stmcufinder\plugins\mcufinder/ => C:\Users\Truong Quoc Huy\.stmcufinder\plugins\mcufinder
2025-08-19 10:16:15,741 [INFO] ApiDb:250 - Set database path to: C:\Users\Truong Quoc Huy\.stmcufinder\plugins\mcufinder//mcu/
2025-08-19 10:16:15,741 [WARN] DbFile:41 - Overriding database path with different value: C:\Users\Truong Quoc Huy\.stmcufinder\plugins\mcufinder/ => C:\Users\Truong Quoc Huy\.stmcufinder\plugins\mcufinder
2025-08-19 10:16:15,742 [INFO] DbMcusAds:125 - Set database path to: C:\Users\Truong Quoc Huy\.stmcufinder\plugins\mcufinder//mcu/
2025-08-19 10:16:15,742 [WARN] DbFile:41 - Overriding database path with different value: C:\Users\Truong Quoc Huy\.stmcufinder\plugins\mcufinder/ => C:\Users\Truong Quoc Huy\.stmcufinder\plugins\mcufinder
2025-08-19 10:16:15,742 [WARN] DbFile:41 - Overriding database path with different value: C:\Users\Truong Quoc Huy\.stmcufinder\plugins\mcufinder/ => C:\Users\Truong Quoc Huy\.stmcufinder\plugins\mcufinder
2025-08-19 10:16:15,742 [INFO] CrossReferenceDbSqlite:203 - Set database path to: C:\Users\Truong Quoc Huy\.stmcufinder\plugins\mcufinder//mcu/cs/
2025-08-19 10:16:15,822 [INFO] MainPanel:268 - HeapMemory: 268435456
2025-08-19 10:16:15,918 [INFO] DbMcusXml:78 - Set database path to: D:\STM32CubeIDE_1.16.0\STM32CubeIDE\plugins\com.st.stm32cube.common.mx_6.12.0.202406281431\\db\/mcu/
2025-08-19 10:16:15,918 [INFO] ApiDb:274 - Set plugin database path to: D:\STM32CubeIDE_1.16.0\STM32CubeIDE\plugins\com.st.stm32cube.common.mx_6.12.0.202406281431\\db\/plugins/boardmanager/
2025-08-19 10:16:15,919 [INFO] ApiDb:261 - Set plugin images path to: D:\STM32CubeIDE_1.16.0\STM32CubeIDE\plugins\com.st.stm32cube.common.mx_6.12.0.202406281431\\db\/plugins/mcufinder/images/
2025-08-19 10:16:15,919 [WARN] DbFile:41 - Overriding database path with different value: C:\Users\Truong Quoc Huy\.stmcufinder\plugins\mcufinder/ => C:\Users\Truong Quoc Huy\.stmcufinder\plugins\mcufinder
2025-08-19 10:16:15,919 [INFO] ApiDb:250 - Set database path to: C:\Users\Truong Quoc Huy\.stmcufinder\plugins\mcufinder//mcu/
2025-08-19 10:16:15,919 [WARN] DbFile:41 - Overriding database path with different value: C:\Users\Truong Quoc Huy\.stmcufinder\plugins\mcufinder/ => C:\Users\Truong Quoc Huy\.stmcufinder\plugins\mcufinder
2025-08-19 10:16:15,919 [INFO] DbMcusAds:125 - Set database path to: C:\Users\Truong Quoc Huy\.stmcufinder\plugins\mcufinder//mcu/
2025-08-19 10:16:15,920 [WARN] DbFile:41 - Overriding database path with different value: C:\Users\Truong Quoc Huy\.stmcufinder\plugins\mcufinder/ => C:\Users\Truong Quoc Huy\.stmcufinder\plugins\mcufinder
2025-08-19 10:16:15,920 [WARN] DbFile:41 - Overriding database path with different value: C:\Users\Truong Quoc Huy\.stmcufinder\plugins\mcufinder/ => C:\Users\Truong Quoc Huy\.stmcufinder\plugins\mcufinder
2025-08-19 10:16:15,920 [INFO] CrossReferenceDbSqlite:203 - Set database path to: C:\Users\Truong Quoc Huy\.stmcufinder\plugins\mcufinder//mcu/cs/
2025-08-19 10:16:15,936 [INFO] ApplicationProperties:184 - Using Application install path: D:\STM32CubeIDE_1.16.0\STM32CubeIDE\plugins\com.st.stm32cube.common.mx_6.12.0.202406281431
2025-08-19 10:16:15,937 [INFO] PluginManage:196 - Search for loadable plugins [exclusion list=, ]
2025-08-19 10:16:15,939 [INFO] PluginManage:310 - Check plugin analytics
2025-08-19 10:16:16,092 [INFO] AnalyticsPlugin:253 - Accepted Software Licenses: 
2025-08-19 10:16:16,092 [INFO] AnalyticsPlugin:255 - Accepted CMSIS Pack Licenses: 
2025-08-19 10:16:16,093 [INFO] AnalyticsPlugin:257 - Accepted Firmware Licenses: FW.F4.1.27.0,FW.F4.1.28.0
2025-08-19 10:16:16,095 [INFO] PluginManage:359 - Loaded plugin analytics (category:tool,tabindex:-1)
2025-08-19 10:16:16,096 [INFO] PluginManage:310 - Check plugin cadmodel
2025-08-19 10:16:16,120 [INFO] CADModel:105 - Init CAD model plugin
2025-08-19 10:16:16,120 [INFO] PluginManage:359 - Loaded plugin cadmodel (category:power,tabindex:5)
2025-08-19 10:16:16,120 [INFO] PluginManage:310 - Check plugin clock
2025-08-19 10:16:16,146 [INFO] PluginManage:359 - Loaded plugin clock (category:base,tabindex:2)
2025-08-19 10:16:16,146 [INFO] PluginManage:310 - Check plugin ddr
2025-08-19 10:16:16,159 [INFO] PluginManage:359 - Loaded plugin ddr (category:tool,tabindex:6)
2025-08-19 10:16:16,159 [INFO] PluginManage:310 - Check plugin filemanager
2025-08-19 10:16:16,327 [INFO] PluginManage:359 - Loaded plugin filemanager (category:base,tabindex:10)
2025-08-19 10:16:16,328 [INFO] PluginManage:310 - Check plugin ipmanager
2025-08-19 10:16:16,340 [INFO] PluginManage:359 - Loaded plugin ipmanager (category:base,tabindex:5)
2025-08-19 10:16:16,340 [INFO] PluginManage:310 - Check plugin lpbam
2025-08-19 10:16:16,368 [INFO] PluginManage:359 - Loaded plugin lpbam (category:base,tabindex:0)
2025-08-19 10:16:16,368 [INFO] PluginManage:310 - Check plugin memorymap
2025-08-19 10:16:16,399 [INFO] PluginManage:359 - Loaded plugin memorymap (category:base,tabindex:4)
2025-08-19 10:16:16,399 [INFO] PluginManage:310 - Check plugin pinoutandconfiguration
2025-08-19 10:16:16,425 [INFO] PluginManage:359 - Loaded plugin pinoutandconfiguration (category:base,tabindex:1)
2025-08-19 10:16:16,426 [INFO] PluginManage:310 - Check plugin pinoutconfig
2025-08-19 10:16:16,519 [WARN] SupportedApi:132 - Cannot load RTOS API schema: s4s-elt-must-match.1: The content of 'definitions' must match (annotation?, (simpleType | complexType)?, (unique | key | keyref)*)). A problem was found starting at: attribute.
2025-08-19 10:16:16,650 [INFO] PluginManage:359 - Loaded plugin pinoutconfig (category:base,tabindex:0)
2025-08-19 10:16:16,650 [INFO] PluginManage:310 - Check plugin power
2025-08-19 10:16:16,677 [INFO] PluginManage:359 - Loaded plugin power (category:power,tabindex:4)
2025-08-19 10:16:16,677 [INFO] PluginManage:310 - Check plugin projectmanager
2025-08-19 10:16:16,691 [INFO] PluginManage:359 - Loaded plugin projectmanager (category:projectmanager,tabindex:4)
2025-08-19 10:16:16,692 [INFO] PluginManage:310 - Check plugin rif
2025-08-19 10:16:16,712 [INFO] PluginManage:359 - Loaded plugin rif (category:base,tabindex:3)
2025-08-19 10:16:16,712 [INFO] PluginManage:310 - Check plugin thirdparty
2025-08-19 10:16:17,016 [INFO] PluginManage:359 - Loaded plugin thirdparty (category:base,tabindex:-1)
2025-08-19 10:16:17,016 [WARN] IntegrityCheckThread:84 - waiting for thirdparty lock release [integrity check]
2025-08-19 10:16:17,016 [INFO] PluginManage:310 - Check plugin tools
2025-08-19 10:16:17,016 [INFO] IntegrityCheckThread:86 - entering critical section [integrity check]
2025-08-19 10:16:17,017 [INFO] ThirdPartyUpdaterWithRetryManager:70 - Updater plugin not ready yet. [1/15]
2025-08-19 10:16:17,055 [INFO] PluginManage:359 - Loaded plugin tools (category:base,tabindex:7)
2025-08-19 10:16:17,055 [INFO] PluginManage:310 - Check plugin tutovideos
2025-08-19 10:16:17,245 [INFO] PluginManage:359 - Loaded plugin tutovideos (category:base,tabindex:-1)
2025-08-19 10:16:17,245 [INFO] PluginManage:310 - Check plugin updater
2025-08-19 10:16:17,259 [INFO] PluginManage:359 - Loaded plugin updater (category:base,tabindex:12)
2025-08-19 10:16:17,259 [INFO] PluginManage:310 - Check plugin userauth
2025-08-19 10:16:17,267 [INFO] UserAuth:113 - Init User Auth plugin
2025-08-19 10:16:17,267 [INFO] PluginManage:359 - Loaded plugin userauth (category:base,tabindex:14)
2025-08-19 10:16:17,267 [INFO] PluginManage:283 - PluginManage : Loaded plugins [18]
2025-08-19 10:16:17,460 [INFO] PinOutPanel:1561 - setPackage(No Configuration,No Configuration)
2025-08-19 10:16:17,561 [INFO] CADModel:165 - CPN selected for project level
2025-08-19 10:16:17,562 [INFO] CADModel:114 - Register for checkConnection events
2025-08-19 10:16:17,590 [INFO] IPUIPlugin:80 - create IPUIPlugin
2025-08-19 10:16:17,591 [INFO] PluginManager:220 - loadIPPluginJar : add adc
2025-08-19 10:16:17,631 [INFO] IPUIPlugin:80 - create IPUIPlugin
2025-08-19 10:16:17,631 [INFO] PluginManager:220 - loadIPPluginJar : add aes
2025-08-19 10:16:17,677 [INFO] IPUIPlugin:80 - create IPUIPlugin
2025-08-19 10:16:17,677 [INFO] PluginManager:220 - loadIPPluginJar : add can
2025-08-19 10:16:17,705 [INFO] IPUIPlugin:80 - create IPUIPlugin
2025-08-19 10:16:17,705 [INFO] PluginManager:220 - loadIPPluginJar : add comp
2025-08-19 10:16:17,746 [INFO] IPUIPlugin:80 - create IPUIPlugin
2025-08-19 10:16:17,747 [INFO] PluginManager:220 - loadIPPluginJar : add cryp
2025-08-19 10:16:17,765 [INFO] IPUIPlugin:80 - create IPUIPlugin
2025-08-19 10:16:17,765 [INFO] PluginManager:220 - loadIPPluginJar : add ddr_ctrl_phy
2025-08-19 10:16:17,808 [INFO] IPUIPlugin:80 - create IPUIPlugin
2025-08-19 10:16:17,808 [INFO] PluginManager:220 - loadIPPluginJar : add dfsdm
2025-08-19 10:16:17,827 [INFO] IPUIPlugin:80 - create IPUIPlugin
2025-08-19 10:16:17,828 [INFO] PluginManager:220 - loadIPPluginJar : add dma
2025-08-19 10:16:17,897 [INFO] IPUIPlugin:80 - create IPUIPlugin
2025-08-19 10:16:17,897 [INFO] PluginManager:220 - loadIPPluginJar : add dma3
2025-08-19 10:16:17,995 [INFO] IPUIPlugin:80 - create IPUIPlugin
2025-08-19 10:16:17,995 [INFO] PluginManager:220 - loadIPPluginJar : add extmemmanager
2025-08-19 10:16:18,046 [INFO] IPUIPlugin:80 - create IPUIPlugin
2025-08-19 10:16:18,046 [INFO] PluginManager:220 - loadIPPluginJar : add fatfs
2025-08-19 10:16:18,149 [INFO] IPUIPlugin:80 - create IPUIPlugin
2025-08-19 10:16:18,149 [INFO] PluginManager:220 - loadIPPluginJar : add fmc
2025-08-19 10:16:18,180 [INFO] IPUIPlugin:80 - create IPUIPlugin
2025-08-19 10:16:18,181 [INFO] PluginManager:220 - loadIPPluginJar : add freertos
2025-08-19 10:16:18,228 [INFO] IPUIPlugin:80 - create IPUIPlugin
2025-08-19 10:16:18,228 [INFO] PluginManager:220 - loadIPPluginJar : add genericplugin
2025-08-19 10:16:18,441 [INFO] IPUIPlugin:80 - create IPUIPlugin
2025-08-19 10:16:18,442 [INFO] PluginManager:220 - loadIPPluginJar : add gfxmmu
2025-08-19 10:16:18,740 [INFO] IPUIPlugin:80 - create IPUIPlugin
2025-08-19 10:16:18,741 [INFO] PluginManager:220 - loadIPPluginJar : add gic
2025-08-19 10:16:18,768 [INFO] IPUIPlugin:80 - create IPUIPlugin
2025-08-19 10:16:18,769 [INFO] PluginManager:220 - loadIPPluginJar : add gpio
2025-08-19 10:16:18,983 [INFO] IPUIPlugin:80 - create IPUIPlugin
2025-08-19 10:16:18,983 [INFO] PluginManager:220 - loadIPPluginJar : add gtzc
2025-08-19 10:16:19,057 [INFO] IPUIPlugin:80 - create IPUIPlugin
2025-08-19 10:16:19,057 [INFO] PluginManager:220 - loadIPPluginJar : add hash
2025-08-19 10:16:19,175 [INFO] IPUIPlugin:80 - create IPUIPlugin
2025-08-19 10:16:19,176 [INFO] PluginManager:220 - loadIPPluginJar : add i2c
2025-08-19 10:16:19,253 [INFO] IPUIPlugin:80 - create IPUIPlugin
2025-08-19 10:16:19,253 [INFO] PluginManager:220 - loadIPPluginJar : add i2s
2025-08-19 10:16:19,322 [INFO] IPUIPlugin:80 - create IPUIPlugin
2025-08-19 10:16:19,323 [INFO] PluginManager:220 - loadIPPluginJar : add i3c
2025-08-19 10:16:19,503 [INFO] IPUIPlugin:80 - create IPUIPlugin
2025-08-19 10:16:19,503 [INFO] PluginManager:220 - loadIPPluginJar : add ipddr
2025-08-19 10:16:19,656 [INFO] IPUIPlugin:80 - create IPUIPlugin
2025-08-19 10:16:19,656 [INFO] PluginManager:220 - loadIPPluginJar : add linkedlist
2025-08-19 10:16:19,706 [INFO] IPUIPlugin:80 - create IPUIPlugin
2025-08-19 10:16:19,706 [INFO] PluginManager:220 - loadIPPluginJar : add lorawan
2025-08-19 10:16:19,759 [INFO] IPUIPlugin:80 - create IPUIPlugin
2025-08-19 10:16:19,759 [INFO] PluginManager:220 - loadIPPluginJar : add ltdc
2025-08-19 10:16:19,779 [INFO] IPUIPlugin:80 - create IPUIPlugin
2025-08-19 10:16:19,779 [INFO] PluginManager:220 - loadIPPluginJar : add mdma
2025-08-19 10:16:19,795 [INFO] IPUIPlugin:80 - create IPUIPlugin
2025-08-19 10:16:19,796 [INFO] PluginManager:220 - loadIPPluginJar : add nvic
2025-08-19 10:16:19,858 [INFO] IPUIPlugin:80 - create IPUIPlugin
2025-08-19 10:16:19,858 [INFO] PluginManager:220 - loadIPPluginJar : add opamp
2025-08-19 10:16:19,959 [INFO] IPUIPlugin:80 - create IPUIPlugin
2025-08-19 10:16:19,959 [INFO] PluginManager:220 - loadIPPluginJar : add openamp
2025-08-19 10:16:20,016 [INFO] IPUIPlugin:80 - create IPUIPlugin
2025-08-19 10:16:20,017 [INFO] PluginManager:220 - loadIPPluginJar : add pdm2pcm
2025-08-19 10:16:20,019 [INFO] ThirdPartyUpdaterWithRetryManager:70 - Updater plugin not ready yet. [2/15]
2025-08-19 10:16:20,038 [INFO] IPUIPlugin:80 - create IPUIPlugin
2025-08-19 10:16:20,040 [INFO] PluginManager:220 - loadIPPluginJar : add plateformsettings
2025-08-19 10:16:20,070 [INFO] IPUIPlugin:80 - create IPUIPlugin
2025-08-19 10:16:20,070 [INFO] PluginManager:220 - loadIPPluginJar : add quadspi
2025-08-19 10:16:20,115 [INFO] IPUIPlugin:80 - create IPUIPlugin
2025-08-19 10:16:20,116 [INFO] PluginManager:220 - loadIPPluginJar : add radio
2025-08-19 10:16:20,140 [INFO] IPUIPlugin:80 - create IPUIPlugin
2025-08-19 10:16:20,141 [INFO] PluginManager:220 - loadIPPluginJar : add resmgrutility
2025-08-19 10:16:20,210 [INFO] IPUIPlugin:80 - create IPUIPlugin
2025-08-19 10:16:20,211 [INFO] PluginManager:220 - loadIPPluginJar : add sai
2025-08-19 10:16:20,271 [INFO] IPUIPlugin:80 - create IPUIPlugin
2025-08-19 10:16:20,271 [INFO] PluginManager:220 - loadIPPluginJar : add spi
2025-08-19 10:16:20,376 [INFO] IPUIPlugin:80 - create IPUIPlugin
2025-08-19 10:16:20,376 [INFO] PluginManager:220 - loadIPPluginJar : add stm32_wpan
2025-08-19 10:16:20,415 [INFO] IPUIPlugin:80 - create IPUIPlugin
2025-08-19 10:16:20,415 [INFO] PluginManager:220 - loadIPPluginJar : add tim
2025-08-19 10:16:20,509 [INFO] IPUIPlugin:80 - create IPUIPlugin
2025-08-19 10:16:20,510 [INFO] PluginManager:220 - loadIPPluginJar : add touchsensing
2025-08-19 10:16:20,549 [INFO] IPUIPlugin:80 - create IPUIPlugin
2025-08-19 10:16:20,549 [INFO] PluginManager:220 - loadIPPluginJar : add tracer_emb
2025-08-19 10:16:20,588 [INFO] IPUIPlugin:80 - create IPUIPlugin
2025-08-19 10:16:20,588 [INFO] PluginManager:220 - loadIPPluginJar : add ts
2025-08-19 10:16:20,635 [INFO] IPUIPlugin:80 - create IPUIPlugin
2025-08-19 10:16:20,635 [INFO] PluginManager:220 - loadIPPluginJar : add tsc
2025-08-19 10:16:20,674 [INFO] IPUIPlugin:80 - create IPUIPlugin
2025-08-19 10:16:20,675 [INFO] PluginManager:220 - loadIPPluginJar : add ucpd
2025-08-19 10:16:20,748 [INFO] IPUIPlugin:80 - create IPUIPlugin
2025-08-19 10:16:20,748 [INFO] PluginManager:220 - loadIPPluginJar : add usart
2025-08-19 10:16:20,829 [INFO] IPUIPlugin:80 - create IPUIPlugin
2025-08-19 10:16:20,829 [INFO] PluginManager:220 - loadIPPluginJar : add usbx
2025-08-19 10:16:20,978 [INFO] CADModel:165 - CPN selected for project level
2025-08-19 10:16:20,978 [INFO] CADModel:114 - Register for checkConnection events
2025-08-19 10:16:20,978 [FATAL] Updater:334 - Updater called before beeing initialized
2025-08-19 10:16:20,979 [ERROR] CADModel:125 - Updater not yet initialized, retry later 
2025-08-19 10:16:21,163 [INFO] CADModel:165 - CPN selected for project level
2025-08-19 10:16:21,163 [INFO] McuFinderGlobals:63 - Set McuFinder mode to 2 (CubeIDE integrated)
2025-08-19 10:16:21,164 [INFO] CADModel:114 - Register for checkConnection events
2025-08-19 10:16:21,164 [FATAL] Updater:334 - Updater called before beeing initialized
2025-08-19 10:16:21,164 [ERROR] CADModel:125 - Updater not yet initialized, retry later 
2025-08-19 10:16:21,169 [FATAL] Updater:334 - Updater called before beeing initialized
2025-08-19 10:16:21,327 [FATAL] Updater:334 - Updater called before beeing initialized
2025-08-19 10:16:21,347 [INFO] DbMcusAds:53 - JSON generation date=Tue Jul 08 15:14:23 ICT 2025 (1751962463582)
2025-08-19 10:16:21,347 [FATAL] Updater:334 - Updater called before beeing initialized
2025-08-19 10:16:21,486 [WARN] DetailPanel:346 - Failed to get advertising image, set to default
2025-08-19 10:16:21,681 [FATAL] Updater:334 - Updater called before beeing initialized
2025-08-19 10:16:21,683 [FATAL] Updater:334 - Updater called before beeing initialized
2025-08-19 10:16:21,684 [FATAL] Updater:334 - Updater called before beeing initialized
2025-08-19 10:16:21,684 [WARN] DetailPanel:346 - Failed to get advertising image, set to default
2025-08-19 10:16:21,685 [FATAL] Updater:334 - Updater called before beeing initialized
2025-08-19 10:16:21,777 [ERROR] Updater:1164 - MainUpdater not yet initialized. External WinMGr cannot be set.
2025-08-19 10:16:21,790 [INFO] Updater:1100 - Updater Version found : 6.12.0
2025-08-19 10:16:21,822 [INFO] ApplicationProperties:184 - Using Application install path: D:\STM32CubeIDE_1.16.0\STM32CubeIDE\plugins\com.st.stm32cube.common.mx_6.12.0.202406281431
2025-08-19 10:16:22,929 [INFO] MainUpdater:2873 - connection check result : 10
2025-08-19 10:16:22,930 [INFO] MainUpdater:290 - Updater Check For Update Now.
2025-08-19 10:16:22,930 [INFO] MicroXplorer:498 - Change Database Version : DB.6.0.120
2025-08-19 10:16:22,950 [INFO] McuFinderGlobals:63 - Set McuFinder mode to 2 (CubeIDE integrated)
2025-08-19 10:16:22,950 [INFO] UserAuth:179 - activating auth plugin
2025-08-19 10:16:22,955 [INFO] UserAuth:417 - Internet connection configuration mode: 1
2025-08-19 10:16:22,993 [INFO] JxBrowserEngine:152 - Initiate JxBrowser Engine with user profile folder
2025-08-19 10:16:23,020 [WARN] MainUpdater:1194 - Updater busy. Cannot search thirdparties
2025-08-19 10:16:23,020 [INFO] ThirdPartyUpdaterWithRetryManager:96 - Updater plugin is busy. [1/15]
2025-08-19 10:16:23,160 [INFO] CheckServerUpdateThread:120 - End of CheckServer Thread
2025-08-19 10:16:23,183 [INFO] MainUpdater:2873 - connection check result : 10
2025-08-19 10:16:23,926 [INFO] ApiDb:581 - Connected to CubeFinder SQLite database (C:\Users\Truong Quoc Huy\.stmcufinder\plugins\mcufinder\mcu\cube-finder-db.db)
2025-08-19 10:16:24,077 [INFO] ApiDb:668 - CubeFinder database Data Model version=2.1
2025-08-19 10:16:24,078 [INFO] ApiDb:669 - CubeFinder database Configuration version=3.0.39
2025-08-19 10:16:24,078 [INFO] ApiDb:670 - CubeFinder database generation date=2025-07-24 (1753349077)
2025-08-19 10:16:24,078 [INFO] ApiDb:671 - CubeFinder database FW Pack versions=[FP-ATR-ASTRA1_V2.0.0, FP-SNS-FLIGHT1_V5.1.0, FP-SNS-MOTENV1_V5.0.0, FP-SNS-MOTENVWB1_V1.4.0, FP-SNS-SMARTAG2_V1.2.0, FP-SNS-STBOX1_V2.0.0, STM32Cube_FW_C0_V1.4.0, STM32Cube_FW_F4_V1.28.2, STM32Cube_FW_F7_V1.17.3, STM32Cube_FW_G0_V1.6.2, STM32Cube_FW_G4_V1.6.1, STM32Cube_FW_H5_V1.5.0, STM32Cube_FW_H7RS_V1.2.0, STM32Cube_FW_H7_V1.12.1, STM32Cube_FW_L0_V1.12.2, STM32Cube_FW_L4_V1.18.1, STM32Cube_FW_L5_V1.5.1, STM32Cube_FW_N6_V1.2.0, STM32Cube_FW_U0_V1.3.0, STM32Cube_FW_U3_V1.2.0, STM32Cube_FW_U5_V1.8.0, STM32Cube_FW_WB0_V1.3.0, STM32Cube_FW_WBA_V1.7.0, STM32Cube_FW_WB_V1.23.0, STM32Cube_FW_WL3_V1.2.0, STM32Cube_FW_WL_V1.3.1, X-CUBE-ALGOBUILD_V1.4.0, X-CUBE-ALS_V1.0.2, X-CUBE-AZRTOS-F4_V1.1.0, X-CUBE-AZRTOS-F7_V1.1.0, X-CUBE-AZRTOS-G0_V1.1.0, X-CUBE-AZRTOS-G4_V2.0.0, X-CUBE-AZRTOS-H7RS_V1.1.0, X-CUBE-AZRTOS-H7_V3.4.0, X-CUBE-AZRTOS-L4_V2.0.0, X-CUBE-AZRTOS-L5_V2.0.0, X-CUBE-AZRTOS-WB_V2.0.0, X-CUBE-AZRTOS-WL_V2.0.0, X-CUBE-BLE1_V7.1.0, X-CUBE-BLE2_V3.3.0, X-CUBE-BLEMGR_V4.1.0, X-CUBE-EEPRMA1_V5.2.0, X-CUBE-FREERTOS_V1.3.1, X-CUBE-GNSS1_V6.0.0, X-CUBE-MEMS1_V11.3.0, X-CUBE-NFC4_V3.0.0, X-CUBE-NFC7_V2.0.0, X-CUBE-SFXS2LP1_V4.0.0, X-CUBE-ST67W61_V1.0.0, X-CUBE-SUBG2_V5.0.0, X-CUBE-TOF1_V3.4.3]
2025-08-19 10:16:24,223 [INFO] DbBoardsSqlite:226 - include board P-NUCLEO-WB55-NUCLEO as a kit item of type 'Nucleo-64'
2025-08-19 10:16:24,224 [INFO] DbBoardsSqlite:226 - include board P-NUCLEO-WB55-USBDONGLE as a kit item of type 'Nucleo USB Dongle'
2025-08-19 10:16:24,225 [INFO] DbBoardsSqlite:226 - include board STEVAL-IDP005V1 as a kit item of type 'Evaluation Board'
2025-08-19 10:16:24,225 [INFO] DbBoardsSqlite:226 - include board STEVAL-IDP005V2 as a kit item of type 'Evaluation Board'
2025-08-19 10:16:24,883 [INFO] ApiDb:240 - Found 646 in-development CPN: [B-G473E-ZEST1S, B-WB1M-WPAN1, B-WL5M-SUBG1, NUCLEO-C031C6, NUCLEO-C071RB, NUCLEO-H503RB, NUCLEO-H533RE, NUCLEO-H563ZI, NUCLEO-H7S3L8, NUCLEO-U031R8, NUCLEO-U083RC, NUCLEO-U545RE-Q, NUCLEO-U5A5ZJ-Q, NUCLEO-WB05KZ, NUCLEO-WB07CC, NUCLEO-WB09KE, NUCLEO-WBA52CG, NUCLEO-WBA55CG, STEVAL-PROTEUS1, STEVAL-SMARTAG2, STEVAL-STWINBX1, STM320518-EVAL, STM32C0116-DK, STM32C011D6Y3TR, STM32C011D6Y6TR, STM32C011F4P3, STM32C011F4P6, STM32C011F4U3, STM32C011F4U6TR, STM32C011F6P3, STM32C011F6P6, STM32C011F6U3, STM32C011F6U6TR, STM32C011J4M3, STM32C011J4M6, STM32C011J6M3, STM32C011J6M6, STM32C0316-DK, STM32C031C4T3, STM32C031C4T6, STM32C031C4U3, STM32C031C4U6, STM32C031C6T3, STM32C031C6T6, STM32C031C6U3, STM32C031C6U6, STM32C031F4P3, STM32C031F4P6, STM32C031F6P3, STM32C031F6P6, STM32C031G4U3, STM32C031G4U6, STM32C031G6U3, STM32C031G6U6, STM32C031K4T3, STM32C031K4T6, STM32C031K4U3, STM32C031K4U6, STM32C031K6T3, STM32C031K6T6, STM32C031K6U3, STM32C031K6U6, STM32C071C8T6, STM32C071C8T6N, STM32C071C8U6, STM32C071C8U6N, STM32C071CBT6, STM32C071CBT6N, STM32C071CBU6, STM32C071CBU6N, STM32C071F8P6, STM32C071F8P6N, STM32C071FBP6, STM32C071FBP6N, STM32C071FBY6TR, STM32C071G8U6, STM32C071G8U6N, STM32C071GBU6, STM32C071GBU6N, STM32C071K8T6, STM32C071K8T6N, STM32C071K8U6, STM32C071K8U6N, STM32C071KBT6, STM32C071KBT6N, STM32C071KBU6, STM32C071KBU6N, STM32C071R8T6, STM32C071R8T6N, STM32C071RBI6N, STM32C071RBT6, STM32C071RBT6N, STM32G071K8TXN, STM32G071K8UXN, STM32G081GBU6N, STM32G081KBT6N, STM32G081KBUXN, STM32G0B1CCT6N, STM32G0B1KCT6, STM32G0B1NEY6TR, STM32G0B1RCT6N, STM32G0C1CCT6, STM32G0C1CCT6N, STM32G0C1CCU6N, STM32G0C1CET6N, STM32G0C1CEU6N, STM32G0C1KCT6, STM32G0C1NEY6TR, STM32G0C1RCI6N, STM32G0C1RCT6N, STM32G0C1REI6N, STM32G0C1RET6N, STM32G0C1VCI6, STM32G0C1VEI6, STM32G411C6T3, STM32G411C6T6, STM32G411C6U3, STM32G411C6U6, STM32G411C8T3, STM32G411C8T6, STM32G411C8U3, STM32G411C8U6, STM32G411CBT3, STM32G411CBT6, STM32G411CBU3, STM32G411CBU6, STM32G411K6T3, STM32G411K6T6, STM32G411K6U3, STM32G411K6U6, STM32G411K8T3, STM32G411K8T6, STM32G411K8U3, STM32G411K8U6, STM32G411KBT3, STM32G411KBT6, STM32G411KBU3, STM32G411KBU6, STM32G411M6T3, STM32G411M6T6, STM32G411M8T3, STM32G411M8T6, STM32G411MBT3, STM32G411MBT6, STM32G411R6T3, STM32G411R6T6, STM32G411R8T3, STM32G411R8T6, STM32G411RBT3, STM32G411RBT6, STM32G414CBT3, STM32G414CBT6, STM32G414CBU3, STM32G414CBU6, STM32G414CCT3, STM32G414CCT6, STM32G414CCU3, STM32G414CCU6, STM32G414MBT3, STM32G414MBT6, STM32G414MCT3, STM32G414MCT6, STM32G414RBT3, STM32G414RBT6, STM32G414RCT3, STM32G414RCT6, STM32G414VBT3, STM32G414VBT6, STM32G414VCT3, STM32G414VCT6, STM32G431CBT3Z, STM32G431RBT3Z, STM32G471CCT6, STM32G471CCU6, STM32G471CET3, STM32G471CET6, STM32G471CEU3, STM32G471CEU6, STM32G471MCT6, STM32G471MET3, STM32G471MET6, STM32G471MEY6TR, STM32G471QCT6, STM32G471QET3, STM32G471RCT6, STM32G471RET3, STM32G471RET6, STM32G471VCH6, STM32G471VCI6, STM32G471VCT6, STM32G471VEH3, STM32G471VEH6, STM32G471VEI3, STM32G471VEI6, STM32G471VET3, STM32G471VET6, STM32G473QET3Z, STM32G473RET3Z, STM32G474CCT6, STM32G491RET3Z, STM32H503CBT6, STM32H503CBU6, STM32H503EBY6TR, STM32H503KBU6, STM32H503RBT6, STM32H523CCT6, STM32H523CCU6, STM32H523CET6, STM32H523CEU6, STM32H523HEY6TR, STM32H523RCT6, STM32H523RET6, STM32H523VCI6, STM32H523VCT6, STM32H523VEI6, STM32H523VET6, STM32H523ZCJ6, STM32H523ZCT6, STM32H523ZEJ6, STM32H523ZET6, STM32H533CET6, STM32H533CEU6, STM32H533HEY6TR, STM32H533RET6, STM32H533VEI6, STM32H533VET6, STM32H533ZEJ6, STM32H533ZET6, STM32H562AGI6, STM32H562AII6, STM32H562IGK6, STM32H562IGT6, STM32H562IIK6, STM32H562IIT6, STM32H562RGT6, STM32H562RGV6, STM32H562RIT6, STM32H562RIV6, STM32H562VGT6, STM32H562VIT6, STM32H562ZGT6, STM32H562ZIT6, STM32H563AGI6, STM32H563AII3Q, STM32H563AII6, STM32H563IGK6, STM32H563IGT6, STM32H563IIK3Q, STM32H563IIK6, STM32H563IIT3Q, STM32H563IIT6, STM32H563MIY3QTR, STM32H563RGT6, STM32H563RGV6, STM32H563RIT6, STM32H563RIV6, STM32H563VGT6, STM32H563VIT3Q, STM32H563VIT6, STM32H563ZGT6, STM32H563ZIT3Q, STM32H563ZIT6, STM32H573AII3Q, STM32H573AII6, STM32H573I-DK, STM32H573IIK3Q, STM32H573IIK6, STM32H573IIT3Q, STM32H573IIT6, STM32H573MIY3QTR, STM32H573RIT6, STM32H573RIV6, STM32H573VIT3Q, STM32H573VIT6, STM32H573ZIT3Q, STM32H573ZIT6, STM32H7R3A8I6, STM32H7R3I8K6, STM32H7R3I8T6, STM32H7R3L8H6, STM32H7R3L8H6H, STM32H7R3R8V6, STM32H7R3V8H6, STM32H7R3V8T6, STM32H7R3V8Y6TR, STM32H7R3Z8J6, STM32H7R3Z8T6, STM32H7R7A8I6, STM32H7R7I8K6, STM32H7R7I8T6, STM32H7R7L8H6, STM32H7R7L8H6H, STM32H7R7Z8J6, STM32H7S3A8I6, STM32H7S3I8K6, STM32H7S3I8T6, STM32H7S3L8H6, STM32H7S3L8H6H, STM32H7S3R8V6, STM32H7S3V8H6, STM32H7S3V8T6, STM32H7S3V8Y6TR, STM32H7S3Z8J6, STM32H7S3Z8T6, STM32H7S78-DK, STM32H7S7A8I6, STM32H7S7I8K6, STM32H7S7I8T6, STM32H7S7L8H6, STM32H7S7L8H6H, STM32H7S7Z8J6, STM32L4R5QGI6STR, STM32MP131AAE3, STM32MP131AAF3, STM32MP131AAG3, STM32MP131CAE3, STM32MP131CAF3, STM32MP131CAG3, STM32MP131DAE7, STM32MP131DAF7, STM32MP131DAG7, STM32MP131FAE7, STM32MP131FAF7, STM32MP131FAG7, STM32MP133AAE3, STM32MP133AAF3, STM32MP133AAG3, STM32MP133CAE3, STM32MP133CAF3, STM32MP133CAG3, STM32MP133DAE7, STM32MP133DAF7, STM32MP133DAG7, STM32MP133FAE7, STM32MP133FAF7, STM32MP133FAG7, STM32MP135AAE3, STM32MP135AAF3, STM32MP135AAG3, STM32MP135CAE3, STM32MP135CAF3, STM32MP135CAG3, STM32MP135DAE7, STM32MP135DAF7, STM32MP135DAG7, STM32MP135F-DK, STM32MP135FAE7, STM32MP135FAF7, STM32MP135FAF7T, STM32MP135FAF7U, STM32MP135FAG7, STM32MP251AAI3, STM32MP251AAK3, STM32MP251AAL3, STM32MP251CAI3, STM32MP251CAK3, STM32MP251CAL3, STM32MP251DAI3, STM32MP251DAK3, STM32MP251DAL3, STM32MP251FAI3, STM32MP251FAK3, STM32MP251FAL3, STM32MP253AAI3, STM32MP253AAK3, STM32MP253AAL3, STM32MP253CAI3, STM32MP253CAK3, STM32MP253CAL3, STM32MP253DAI3, STM32MP253DAK3, STM32MP253DAL3, STM32MP253FAI3, STM32MP253FAK3, STM32MP253FAL3, STM32MP255AAI3, STM32MP255AAK3, STM32MP255AAL3, STM32MP255CAI3, STM32MP255CAK3, STM32MP255CAL3, STM32MP255DAI3, STM32MP255DAK3, STM32MP255DAL3, STM32MP255FAI3, STM32MP255FAK3, STM32MP255FAL3, STM32MP257AAI3, STM32MP257AAK3, STM32MP257AAL3, STM32MP257CAI3, STM32MP257CAK3, STM32MP257CAL3, STM32MP257DAI3, STM32MP257DAK3, STM32MP257DAL3, STM32MP257F-DK, STM32MP257F-EV1, STM32MP257FAI3, STM32MP257FAK3, STM32MP257FAL3, STM32U031C6T6, STM32U031C6U6, STM32U031C8T6, STM32U031C8U6, STM32U031F4P6, STM32U031F6P6, STM32U031F8P6, STM32U031G6Y6TR, STM32U031G8Y6TR, STM32U031K4U6, STM32U031K6U6, STM32U031K8U6, STM32U031R6I6, STM32U031R6T6, STM32U031R8I6, STM32U031R8T6, STM32U073C8T6, STM32U073C8U6, STM32U073CBT6, STM32U073CBU6, STM32U073CCT6, STM32U073CCU6, STM32U073H8Y6TR, STM32U073HBY6TR, STM32U073HCY6TR, STM32U073K8U6, STM32U073KBU6, STM32U073KCU6, STM32U073M8I6, STM32U073M8T6, STM32U073MBI6, STM32U073MBT6, STM32U073MCI6, STM32U073MCT6, STM32U073R8I6, STM32U073R8T6, STM32U073RBI6, STM32U073RBT6, STM32U073RCI6, STM32U073RCT6, STM32U083C-DK, STM32U083CCT6, STM32U083CCU6, STM32U083HCY6TR, STM32U083KCU6, STM32U083MCI6, STM32U083MCT6, STM32U083RCI6, STM32U083RCT6, STM32U535CBT6, STM32U535CBT6Q, STM32U535CBU6, STM32U535CBU6Q, STM32U535CCT6, STM32U535CCT6Q, STM32U535CCU6, STM32U535CCU6Q, STM32U535CET6, STM32U535CET6Q, STM32U535CEU6, STM32U535CEU6Q, STM32U535JEY6QTR, STM32U535NCY6QTR, STM32U535NEY6QTR, STM32U535RBI6, STM32U535RBI6Q, STM32U535RBT6, STM32U535RBT6Q, STM32U535RCI6, STM32U535RCI6Q, STM32U535RCT6, STM32U535RCT6Q, STM32U535REI6, STM32U535REI6Q, STM32U535RET6, STM32U535RET6Q, STM32U535VCI6, STM32U535VCI6Q, STM32U535VCT6, STM32U535VCT6Q, STM32U535VEI6, STM32U535VEI6Q, STM32U535VET6, STM32U535VET6Q, STM32U545CET6, STM32U545CET6Q, STM32U545CEU6, STM32U545CEU6Q, STM32U545JEY6QTR, STM32U545NEY6QTR, STM32U545REI6, STM32U545REI6Q, STM32U545RET6, STM32U545RET6Q, STM32U545VEI6, STM32U545VEI6Q, STM32U545VET6, STM32U545VET6Q, STM32U595AIH6, STM32U595AIH6Q, STM32U595AJH6, STM32U595AJH6Q, STM32U595QII6, STM32U595QII6Q, STM32U595QJI6, STM32U595QJI6Q, STM32U595RIT6, STM32U595RIT6Q, STM32U595RJT6, STM32U595RJT6Q, STM32U595VIT6, STM32U595VIT6Q, STM32U595VJT6, STM32U595VJT6Q, STM32U595ZIT6, STM32U595ZIT6Q, STM32U595ZIY6QTR, STM32U595ZJT6, STM32U595ZJT6Q, STM32U595ZJY6QTR, STM32U599BJY6QTR, STM32U599NIH6Q, STM32U599NJH6Q, STM32U599VIT6Q, STM32U599VJT6, STM32U599VJT6Q, STM32U599ZIT6Q, STM32U599ZIY6QTR, STM32U599ZJT6Q, STM32U599ZJY6QTR, STM32U5A5AJH6, STM32U5A5AJH6Q, STM32U5A5QII3Q , STM32U5A5QJI6, STM32U5A5QJI6Q, STM32U5A5RJT6, STM32U5A5RJT6Q, STM32U5A5VJT6, STM32U5A5VJT6Q, STM32U5A5ZJT6, STM32U5A5ZJT6Q, STM32U5A5ZJY6QTR, STM32U5A9BJY6QTR, STM32U5A9J-DK, STM32U5A9NJH6Q, STM32U5A9VJT6Q, STM32U5A9ZJT6Q, STM32U5A9ZJY6QTR, STM32U5F7VIT6, STM32U5F7VIT6Q, STM32U5F7VJT6, STM32U5F7VJT6Q, STM32U5F9BJY6QTR, STM32U5F9NJH6Q, STM32U5F9VIT6Q, STM32U5F9VJT6Q, STM32U5F9ZIJ6QTR, STM32U5F9ZIT6Q, STM32U5F9ZJJ6QTR, STM32U5F9ZJT6Q, STM32U5G7VJT6, STM32U5G7VJT6Q, STM32U5G9BJY6QTR, STM32U5G9J-DK1, STM32U5G9J-DK2, STM32U5G9NJH6Q, STM32U5G9VJT6Q, STM32U5G9ZJJ6QTR, STM32U5G9ZJT6Q, STM32WB05KZV6TR, STM32WB05KZV7TR, STM32WB05TZF6TR, STM32WB05TZF7TR, STM32WB06CCF6TR, STM32WB06CCF7TR, STM32WB06CCV6TR, STM32WB06CCV7TR, STM32WB06KCV6TR, STM32WB06KCV7TR, STM32WB07CCF6TR, STM32WB07CCF7TR, STM32WB07CCV6TR, STM32WB07CCV7TR, STM32WB07KCV6TR, STM32WB07KCV7TR, STM32WB09KEV6TR, STM32WB09KEV7TR, STM32WB09TEF6TR, STM32WB09TEF7TR, STM32WB1MMCH6, STM32WBA50KGU6, STM32WBA50KGU6TR, STM32WBA52CEU6, STM32WBA52CEU6TR, STM32WBA52CEU7, STM32WBA52CEU7TR, STM32WBA52CGU6, STM32WBA52CGU6TR, STM32WBA52CGU6U, STM32WBA52CGU7, STM32WBA52CGU7TR, STM32WBA52KEU6, STM32WBA52KEU6TR, STM32WBA52KGU6, STM32WBA52KGU6TR, STM32WBA54CEU6, STM32WBA54CEU6TR, STM32WBA54CEU7, STM32WBA54CEU7TR, STM32WBA54CGU6, STM32WBA54CGU6TR, STM32WBA54CGU7, STM32WBA54CGU7TR, STM32WBA54KEU6, STM32WBA54KEU6TR, STM32WBA54KEU7, STM32WBA54KEU7TR, STM32WBA54KGU6, STM32WBA54KGU6TR, STM32WBA54KGU7, STM32WBA54KGU7TR, STM32WBA55CEU6, STM32WBA55CEU6TR, STM32WBA55CEU7, STM32WBA55CEU7TR, STM32WBA55CGU6, STM32WBA55CGU6TR, STM32WBA55CGU6U, STM32WBA55CGU7, STM32WBA55CGU7TR, STM32WBA55G-DK1, STM32WBA55HEF6, STM32WBA55HEF7, STM32WBA55HGF6, STM32WBA55HGF7, STM32WBA55UEI6, STM32WBA55UEI6TR, STM32WBA55UEI7, STM32WBA55UEI7TR, STM32WBA55UGI6, STM32WBA55UGI6TR, STM32WBA55UGI7, STM32WBA55UGI7TR, STM32WL5MOCH6, STM32WL5MOCH6TR]
2025-08-19 10:16:24,888 [INFO] ApiDb:668 - CubeFinder database Data Model version=2.1
2025-08-19 10:16:24,888 [INFO] ApiDb:669 - CubeFinder database Configuration version=3.0.39
2025-08-19 10:16:24,889 [INFO] ApiDb:670 - CubeFinder database generation date=2025-07-24 (1753349077)
2025-08-19 10:16:24,889 [INFO] ApiDb:671 - CubeFinder database FW Pack versions=[FP-ATR-ASTRA1_V2.0.0, FP-SNS-FLIGHT1_V5.1.0, FP-SNS-MOTENV1_V5.0.0, FP-SNS-MOTENVWB1_V1.4.0, FP-SNS-SMARTAG2_V1.2.0, FP-SNS-STBOX1_V2.0.0, STM32Cube_FW_C0_V1.4.0, STM32Cube_FW_F4_V1.28.2, STM32Cube_FW_F7_V1.17.3, STM32Cube_FW_G0_V1.6.2, STM32Cube_FW_G4_V1.6.1, STM32Cube_FW_H5_V1.5.0, STM32Cube_FW_H7RS_V1.2.0, STM32Cube_FW_H7_V1.12.1, STM32Cube_FW_L0_V1.12.2, STM32Cube_FW_L4_V1.18.1, STM32Cube_FW_L5_V1.5.1, STM32Cube_FW_N6_V1.2.0, STM32Cube_FW_U0_V1.3.0, STM32Cube_FW_U3_V1.2.0, STM32Cube_FW_U5_V1.8.0, STM32Cube_FW_WB0_V1.3.0, STM32Cube_FW_WBA_V1.7.0, STM32Cube_FW_WB_V1.23.0, STM32Cube_FW_WL3_V1.2.0, STM32Cube_FW_WL_V1.3.1, X-CUBE-ALGOBUILD_V1.4.0, X-CUBE-ALS_V1.0.2, X-CUBE-AZRTOS-F4_V1.1.0, X-CUBE-AZRTOS-F7_V1.1.0, X-CUBE-AZRTOS-G0_V1.1.0, X-CUBE-AZRTOS-G4_V2.0.0, X-CUBE-AZRTOS-H7RS_V1.1.0, X-CUBE-AZRTOS-H7_V3.4.0, X-CUBE-AZRTOS-L4_V2.0.0, X-CUBE-AZRTOS-L5_V2.0.0, X-CUBE-AZRTOS-WB_V2.0.0, X-CUBE-AZRTOS-WL_V2.0.0, X-CUBE-BLE1_V7.1.0, X-CUBE-BLE2_V3.3.0, X-CUBE-BLEMGR_V4.1.0, X-CUBE-EEPRMA1_V5.2.0, X-CUBE-FREERTOS_V1.3.1, X-CUBE-GNSS1_V6.0.0, X-CUBE-MEMS1_V11.3.0, X-CUBE-NFC4_V3.0.0, X-CUBE-NFC7_V2.0.0, X-CUBE-SFXS2LP1_V4.0.0, X-CUBE-ST67W61_V1.0.0, X-CUBE-SUBG2_V5.0.0, X-CUBE-TOF1_V3.4.3]
2025-08-19 10:16:26,315 [WARN] PackLoader:240 - Cannot read IP mode file for STMicroelectronics.FP-SNS-MOTENVWB1.1.4.0
2025-08-19 10:16:26,342 [WARN] PackLoader:240 - Cannot read IP mode file for STMicroelectronics.X-CUBE-SMBUS.2.1.0
2025-08-19 10:16:26,397 [WARN] PackLoader:240 - Cannot read IP mode file for STMicroelectronics.X-CUBE-AZRTOS-F7.1.1.0
2025-08-19 10:16:26,431 [WARN] PackLoader:240 - Cannot read IP mode file for STMicroelectronics.X-CUBE-DISPLAY.3.0.0
2025-08-19 10:16:26,466 [WARN] PackLoader:240 - Cannot read IP mode file for STMicroelectronics.FP-SNS-SMARTAG2.1.2.0
2025-08-19 10:16:26,509 [INFO] LogOutputStream:77 - [STDOUT_REDIRECT] 1 : Invalid condition id : UX_CORESTACK_Condition cause : null
2025-08-19 10:16:26,512 [INFO] LogOutputStream:77 - [STDOUT_REDIRECT] 1 : Invalid condition id : UX_CORESTACK_Condition cause : null
2025-08-19 10:16:26,514 [INFO] LogOutputStream:77 - [STDOUT_REDIRECT] 1 : Invalid condition id : UX_CORESTACK_Condition cause : null
2025-08-19 10:16:26,516 [INFO] LogOutputStream:77 - [STDOUT_REDIRECT] 1 : Invalid condition id : UX_CORESTACK_Condition cause : null
2025-08-19 10:16:26,520 [INFO] LogOutputStream:77 - [STDOUT_REDIRECT] 1 : Invalid condition id : UX_CORESTACK_Condition cause : null
2025-08-19 10:16:26,525 [WARN] PackLoader:240 - Cannot read IP mode file for STMicroelectronics.X-CUBE-AZRTOS-WL.2.0.0
2025-08-19 10:16:26,555 [WARN] PackLoader:240 - Cannot read IP mode file for STMicroelectronics.FP-SNS-MOTENV1.5.0.0
2025-08-19 10:16:26,600 [WARN] PackLoader:240 - Cannot read IP mode file for STMicroelectronics.X-CUBE-BLE2.3.3.0
2025-08-19 10:16:26,654 [WARN] PackLoader:240 - Cannot read IP mode file for STMicroelectronics.X-CUBE-AZRTOS-G0.1.1.0
2025-08-19 10:16:26,692 [WARN] PackLoader:240 - Cannot read IP mode file for STMicroelectronics.X-CUBE-SAFEA1.1.2.2
2025-08-19 10:16:26,722 [WARN] PackLoader:240 - Cannot read IP mode file for STMicroelectronics.X-CUBE-NFC4.3.0.0
2025-08-19 10:16:26,746 [WARN] PackLoader:240 - Cannot read IP mode file for STMicroelectronics.FP-ATR-SIGFOX1.3.2.0
2025-08-19 10:16:26,833 [WARN] PackLoader:240 - Cannot read IP mode file for SEGGER.I-CUBE-embOS.1.3.1
2025-08-19 10:16:26,924 [WARN] PackLoader:240 - Cannot read IP mode file for STMicroelectronics.X-CUBE-ALGOBUILD.1.4.0
2025-08-19 10:16:26,951 [INFO] WebApp:167 - Instantiating new browser for Auth
2025-08-19 10:16:26,975 [WARN] PackLoader:240 - Cannot read IP mode file for STMicroelectronics.X-CUBE-AZRTOS-F4.1.1.0
2025-08-19 10:16:27,033 [WARN] PackLoader:240 - Cannot read IP mode file for STMicroelectronics.X-CUBE-AZRTOS-L5.2.0.0
2025-08-19 10:16:27,046 [WARN] PackLoader:240 - Cannot read IP mode file for STMicroelectronics.X-CUBE-NFC6.3.1.0
2025-08-19 10:16:27,076 [WARN] ConditionMgr:438 - getConditionDescription Invalid condition id : LAN8742 Phy interface Condition cause : null
2025-08-19 10:16:27,077 [WARN] PackLoader:240 - Cannot read IP mode file for STMicroelectronics.X-CUBE-AZRTOS-L4.2.0.0
2025-08-19 10:16:27,080 [WARN] ConditionMgr:1039 - genDependencies : Invalid condition id : LAN8742 Phy interface Condition cause : null
2025-08-19 10:16:27,081 [WARN] ConditionMgr:1039 - genDependencies : Invalid condition id : LAN8742 Phy interface Condition cause : null
2025-08-19 10:16:27,082 [WARN] ConditionMgr:1039 - genDependencies : Invalid condition id : LAN8742 Phy interface Condition cause : null
2025-08-19 10:16:27,095 [WARN] PackLoader:240 - Cannot read IP mode file for STMicroelectronics.X-CUBE-SFXS2LP1.4.0.0
2025-08-19 10:16:27,126 [WARN] ConditionMgr:438 - getConditionDescription Invalid condition id : UX DEVICE CLASS RTOS Condition cause : null
2025-08-19 10:16:27,127 [WARN] ConditionMgr:438 - getConditionDescription Invalid condition id : UX DEVICE CLASS RTOS Condition cause : null
2025-08-19 10:16:27,131 [WARN] PackLoader:240 - Cannot read IP mode file for STMicroelectronics.X-CUBE-AZRTOS-WB.2.0.0
2025-08-19 10:16:27,132 [WARN] ConditionMgr:1039 - genDependencies : Invalid condition id : UX DEVICE CLASS RTOS Condition cause : null
2025-08-19 10:16:27,132 [WARN] ConditionMgr:1039 - genDependencies : Invalid condition id : UX DEVICE CLASS RTOS Condition cause : null
2025-08-19 10:16:27,133 [WARN] ConditionMgr:1039 - genDependencies : Invalid condition id : UX DEVICE CLASS RTOS Condition cause : null
2025-08-19 10:16:27,134 [WARN] ConditionMgr:1039 - genDependencies : Invalid condition id : UX DEVICE CLASS RTOS Condition cause : null
2025-08-19 10:16:27,134 [WARN] ConditionMgr:1039 - genDependencies : Invalid condition id : UX DEVICE CLASS RTOS Condition cause : null
2025-08-19 10:16:27,156 [WARN] PackLoader:240 - Cannot read IP mode file for STMicroelectronics.X-CUBE-SUBG2.5.0.0
2025-08-19 10:16:27,187 [WARN] PackLoader:240 - Cannot read IP mode file for STMicroelectronics.X-CUBE-AZRTOS-G4.2.0.0
2025-08-19 10:16:27,196 [WARN] PackLoader:240 - Cannot read IP mode file for STMicroelectronics.X-CUBE-ALS.1.0.2
2025-08-19 10:16:27,198 [INFO] ThirdParty:978 - Integrity check success = true
2025-08-19 10:16:27,201 [INFO] IntegrityCheckThread:100 - exiting critical section [integrity check]
2025-08-19 10:16:27,202 [INFO] IntegrityCheckThread:103 - End integrity checks thread
2025-08-19 10:16:28,680 [INFO] WebApp:448 - Apply proxy settings
2025-08-19 10:16:28,680 [INFO] WebApp:533 - Chromium requires no authentication
2025-08-19 10:16:28,703 [INFO] WebApp:476 - Direct internet connection detected
2025-08-19 10:16:28,745 [INFO] WebApp:869 - Register for checkConnection events
2025-08-19 10:16:28,752 [INFO] WebApp:448 - Apply proxy settings
2025-08-19 10:16:28,753 [INFO] WebApp:533 - Chromium requires no authentication
2025-08-19 10:16:28,753 [INFO] WebApp:476 - Direct internet connection detected
2025-08-19 10:16:28,763 [INFO] ApiDb:240 - Found 646 in-development CPN: [B-G473E-ZEST1S, B-WB1M-WPAN1, B-WL5M-SUBG1, NUCLEO-C031C6, NUCLEO-C071RB, NUCLEO-H503RB, NUCLEO-H533RE, NUCLEO-H563ZI, NUCLEO-H7S3L8, NUCLEO-U031R8, NUCLEO-U083RC, NUCLEO-U545RE-Q, NUCLEO-U5A5ZJ-Q, NUCLEO-WB05KZ, NUCLEO-WB07CC, NUCLEO-WB09KE, NUCLEO-WBA52CG, NUCLEO-WBA55CG, STEVAL-PROTEUS1, STEVAL-SMARTAG2, STEVAL-STWINBX1, STM320518-EVAL, STM32C0116-DK, STM32C011D6Y3TR, STM32C011D6Y6TR, STM32C011F4P3, STM32C011F4P6, STM32C011F4U3, STM32C011F4U6TR, STM32C011F6P3, STM32C011F6P6, STM32C011F6U3, STM32C011F6U6TR, STM32C011J4M3, STM32C011J4M6, STM32C011J6M3, STM32C011J6M6, STM32C0316-DK, STM32C031C4T3, STM32C031C4T6, STM32C031C4U3, STM32C031C4U6, STM32C031C6T3, STM32C031C6T6, STM32C031C6U3, STM32C031C6U6, STM32C031F4P3, STM32C031F4P6, STM32C031F6P3, STM32C031F6P6, STM32C031G4U3, STM32C031G4U6, STM32C031G6U3, STM32C031G6U6, STM32C031K4T3, STM32C031K4T6, STM32C031K4U3, STM32C031K4U6, STM32C031K6T3, STM32C031K6T6, STM32C031K6U3, STM32C031K6U6, STM32C071C8T6, STM32C071C8T6N, STM32C071C8U6, STM32C071C8U6N, STM32C071CBT6, STM32C071CBT6N, STM32C071CBU6, STM32C071CBU6N, STM32C071F8P6, STM32C071F8P6N, STM32C071FBP6, STM32C071FBP6N, STM32C071FBY6TR, STM32C071G8U6, STM32C071G8U6N, STM32C071GBU6, STM32C071GBU6N, STM32C071K8T6, STM32C071K8T6N, STM32C071K8U6, STM32C071K8U6N, STM32C071KBT6, STM32C071KBT6N, STM32C071KBU6, STM32C071KBU6N, STM32C071R8T6, STM32C071R8T6N, STM32C071RBI6N, STM32C071RBT6, STM32C071RBT6N, STM32G071K8TXN, STM32G071K8UXN, STM32G081GBU6N, STM32G081KBT6N, STM32G081KBUXN, STM32G0B1CCT6N, STM32G0B1KCT6, STM32G0B1NEY6TR, STM32G0B1RCT6N, STM32G0C1CCT6, STM32G0C1CCT6N, STM32G0C1CCU6N, STM32G0C1CET6N, STM32G0C1CEU6N, STM32G0C1KCT6, STM32G0C1NEY6TR, STM32G0C1RCI6N, STM32G0C1RCT6N, STM32G0C1REI6N, STM32G0C1RET6N, STM32G0C1VCI6, STM32G0C1VEI6, STM32G411C6T3, STM32G411C6T6, STM32G411C6U3, STM32G411C6U6, STM32G411C8T3, STM32G411C8T6, STM32G411C8U3, STM32G411C8U6, STM32G411CBT3, STM32G411CBT6, STM32G411CBU3, STM32G411CBU6, STM32G411K6T3, STM32G411K6T6, STM32G411K6U3, STM32G411K6U6, STM32G411K8T3, STM32G411K8T6, STM32G411K8U3, STM32G411K8U6, STM32G411KBT3, STM32G411KBT6, STM32G411KBU3, STM32G411KBU6, STM32G411M6T3, STM32G411M6T6, STM32G411M8T3, STM32G411M8T6, STM32G411MBT3, STM32G411MBT6, STM32G411R6T3, STM32G411R6T6, STM32G411R8T3, STM32G411R8T6, STM32G411RBT3, STM32G411RBT6, STM32G414CBT3, STM32G414CBT6, STM32G414CBU3, STM32G414CBU6, STM32G414CCT3, STM32G414CCT6, STM32G414CCU3, STM32G414CCU6, STM32G414MBT3, STM32G414MBT6, STM32G414MCT3, STM32G414MCT6, STM32G414RBT3, STM32G414RBT6, STM32G414RCT3, STM32G414RCT6, STM32G414VBT3, STM32G414VBT6, STM32G414VCT3, STM32G414VCT6, STM32G431CBT3Z, STM32G431RBT3Z, STM32G471CCT6, STM32G471CCU6, STM32G471CET3, STM32G471CET6, STM32G471CEU3, STM32G471CEU6, STM32G471MCT6, STM32G471MET3, STM32G471MET6, STM32G471MEY6TR, STM32G471QCT6, STM32G471QET3, STM32G471RCT6, STM32G471RET3, STM32G471RET6, STM32G471VCH6, STM32G471VCI6, STM32G471VCT6, STM32G471VEH3, STM32G471VEH6, STM32G471VEI3, STM32G471VEI6, STM32G471VET3, STM32G471VET6, STM32G473QET3Z, STM32G473RET3Z, STM32G474CCT6, STM32G491RET3Z, STM32H503CBT6, STM32H503CBU6, STM32H503EBY6TR, STM32H503KBU6, STM32H503RBT6, STM32H523CCT6, STM32H523CCU6, STM32H523CET6, STM32H523CEU6, STM32H523HEY6TR, STM32H523RCT6, STM32H523RET6, STM32H523VCI6, STM32H523VCT6, STM32H523VEI6, STM32H523VET6, STM32H523ZCJ6, STM32H523ZCT6, STM32H523ZEJ6, STM32H523ZET6, STM32H533CET6, STM32H533CEU6, STM32H533HEY6TR, STM32H533RET6, STM32H533VEI6, STM32H533VET6, STM32H533ZEJ6, STM32H533ZET6, STM32H562AGI6, STM32H562AII6, STM32H562IGK6, STM32H562IGT6, STM32H562IIK6, STM32H562IIT6, STM32H562RGT6, STM32H562RGV6, STM32H562RIT6, STM32H562RIV6, STM32H562VGT6, STM32H562VIT6, STM32H562ZGT6, STM32H562ZIT6, STM32H563AGI6, STM32H563AII3Q, STM32H563AII6, STM32H563IGK6, STM32H563IGT6, STM32H563IIK3Q, STM32H563IIK6, STM32H563IIT3Q, STM32H563IIT6, STM32H563MIY3QTR, STM32H563RGT6, STM32H563RGV6, STM32H563RIT6, STM32H563RIV6, STM32H563VGT6, STM32H563VIT3Q, STM32H563VIT6, STM32H563ZGT6, STM32H563ZIT3Q, STM32H563ZIT6, STM32H573AII3Q, STM32H573AII6, STM32H573I-DK, STM32H573IIK3Q, STM32H573IIK6, STM32H573IIT3Q, STM32H573IIT6, STM32H573MIY3QTR, STM32H573RIT6, STM32H573RIV6, STM32H573VIT3Q, STM32H573VIT6, STM32H573ZIT3Q, STM32H573ZIT6, STM32H7R3A8I6, STM32H7R3I8K6, STM32H7R3I8T6, STM32H7R3L8H6, STM32H7R3L8H6H, STM32H7R3R8V6, STM32H7R3V8H6, STM32H7R3V8T6, STM32H7R3V8Y6TR, STM32H7R3Z8J6, STM32H7R3Z8T6, STM32H7R7A8I6, STM32H7R7I8K6, STM32H7R7I8T6, STM32H7R7L8H6, STM32H7R7L8H6H, STM32H7R7Z8J6, STM32H7S3A8I6, STM32H7S3I8K6, STM32H7S3I8T6, STM32H7S3L8H6, STM32H7S3L8H6H, STM32H7S3R8V6, STM32H7S3V8H6, STM32H7S3V8T6, STM32H7S3V8Y6TR, STM32H7S3Z8J6, STM32H7S3Z8T6, STM32H7S78-DK, STM32H7S7A8I6, STM32H7S7I8K6, STM32H7S7I8T6, STM32H7S7L8H6, STM32H7S7L8H6H, STM32H7S7Z8J6, STM32L4R5QGI6STR, STM32MP131AAE3, STM32MP131AAF3, STM32MP131AAG3, STM32MP131CAE3, STM32MP131CAF3, STM32MP131CAG3, STM32MP131DAE7, STM32MP131DAF7, STM32MP131DAG7, STM32MP131FAE7, STM32MP131FAF7, STM32MP131FAG7, STM32MP133AAE3, STM32MP133AAF3, STM32MP133AAG3, STM32MP133CAE3, STM32MP133CAF3, STM32MP133CAG3, STM32MP133DAE7, STM32MP133DAF7, STM32MP133DAG7, STM32MP133FAE7, STM32MP133FAF7, STM32MP133FAG7, STM32MP135AAE3, STM32MP135AAF3, STM32MP135AAG3, STM32MP135CAE3, STM32MP135CAF3, STM32MP135CAG3, STM32MP135DAE7, STM32MP135DAF7, STM32MP135DAG7, STM32MP135F-DK, STM32MP135FAE7, STM32MP135FAF7, STM32MP135FAF7T, STM32MP135FAF7U, STM32MP135FAG7, STM32MP251AAI3, STM32MP251AAK3, STM32MP251AAL3, STM32MP251CAI3, STM32MP251CAK3, STM32MP251CAL3, STM32MP251DAI3, STM32MP251DAK3, STM32MP251DAL3, STM32MP251FAI3, STM32MP251FAK3, STM32MP251FAL3, STM32MP253AAI3, STM32MP253AAK3, STM32MP253AAL3, STM32MP253CAI3, STM32MP253CAK3, STM32MP253CAL3, STM32MP253DAI3, STM32MP253DAK3, STM32MP253DAL3, STM32MP253FAI3, STM32MP253FAK3, STM32MP253FAL3, STM32MP255AAI3, STM32MP255AAK3, STM32MP255AAL3, STM32MP255CAI3, STM32MP255CAK3, STM32MP255CAL3, STM32MP255DAI3, STM32MP255DAK3, STM32MP255DAL3, STM32MP255FAI3, STM32MP255FAK3, STM32MP255FAL3, STM32MP257AAI3, STM32MP257AAK3, STM32MP257AAL3, STM32MP257CAI3, STM32MP257CAK3, STM32MP257CAL3, STM32MP257DAI3, STM32MP257DAK3, STM32MP257DAL3, STM32MP257F-DK, STM32MP257F-EV1, STM32MP257FAI3, STM32MP257FAK3, STM32MP257FAL3, STM32U031C6T6, STM32U031C6U6, STM32U031C8T6, STM32U031C8U6, STM32U031F4P6, STM32U031F6P6, STM32U031F8P6, STM32U031G6Y6TR, STM32U031G8Y6TR, STM32U031K4U6, STM32U031K6U6, STM32U031K8U6, STM32U031R6I6, STM32U031R6T6, STM32U031R8I6, STM32U031R8T6, STM32U073C8T6, STM32U073C8U6, STM32U073CBT6, STM32U073CBU6, STM32U073CCT6, STM32U073CCU6, STM32U073H8Y6TR, STM32U073HBY6TR, STM32U073HCY6TR, STM32U073K8U6, STM32U073KBU6, STM32U073KCU6, STM32U073M8I6, STM32U073M8T6, STM32U073MBI6, STM32U073MBT6, STM32U073MCI6, STM32U073MCT6, STM32U073R8I6, STM32U073R8T6, STM32U073RBI6, STM32U073RBT6, STM32U073RCI6, STM32U073RCT6, STM32U083C-DK, STM32U083CCT6, STM32U083CCU6, STM32U083HCY6TR, STM32U083KCU6, STM32U083MCI6, STM32U083MCT6, STM32U083RCI6, STM32U083RCT6, STM32U535CBT6, STM32U535CBT6Q, STM32U535CBU6, STM32U535CBU6Q, STM32U535CCT6, STM32U535CCT6Q, STM32U535CCU6, STM32U535CCU6Q, STM32U535CET6, STM32U535CET6Q, STM32U535CEU6, STM32U535CEU6Q, STM32U535JEY6QTR, STM32U535NCY6QTR, STM32U535NEY6QTR, STM32U535RBI6, STM32U535RBI6Q, STM32U535RBT6, STM32U535RBT6Q, STM32U535RCI6, STM32U535RCI6Q, STM32U535RCT6, STM32U535RCT6Q, STM32U535REI6, STM32U535REI6Q, STM32U535RET6, STM32U535RET6Q, STM32U535VCI6, STM32U535VCI6Q, STM32U535VCT6, STM32U535VCT6Q, STM32U535VEI6, STM32U535VEI6Q, STM32U535VET6, STM32U535VET6Q, STM32U545CET6, STM32U545CET6Q, STM32U545CEU6, STM32U545CEU6Q, STM32U545JEY6QTR, STM32U545NEY6QTR, STM32U545REI6, STM32U545REI6Q, STM32U545RET6, STM32U545RET6Q, STM32U545VEI6, STM32U545VEI6Q, STM32U545VET6, STM32U545VET6Q, STM32U595AIH6, STM32U595AIH6Q, STM32U595AJH6, STM32U595AJH6Q, STM32U595QII6, STM32U595QII6Q, STM32U595QJI6, STM32U595QJI6Q, STM32U595RIT6, STM32U595RIT6Q, STM32U595RJT6, STM32U595RJT6Q, STM32U595VIT6, STM32U595VIT6Q, STM32U595VJT6, STM32U595VJT6Q, STM32U595ZIT6, STM32U595ZIT6Q, STM32U595ZIY6QTR, STM32U595ZJT6, STM32U595ZJT6Q, STM32U595ZJY6QTR, STM32U599BJY6QTR, STM32U599NIH6Q, STM32U599NJH6Q, STM32U599VIT6Q, STM32U599VJT6, STM32U599VJT6Q, STM32U599ZIT6Q, STM32U599ZIY6QTR, STM32U599ZJT6Q, STM32U599ZJY6QTR, STM32U5A5AJH6, STM32U5A5AJH6Q, STM32U5A5QII3Q , STM32U5A5QJI6, STM32U5A5QJI6Q, STM32U5A5RJT6, STM32U5A5RJT6Q, STM32U5A5VJT6, STM32U5A5VJT6Q, STM32U5A5ZJT6, STM32U5A5ZJT6Q, STM32U5A5ZJY6QTR, STM32U5A9BJY6QTR, STM32U5A9J-DK, STM32U5A9NJH6Q, STM32U5A9VJT6Q, STM32U5A9ZJT6Q, STM32U5A9ZJY6QTR, STM32U5F7VIT6, STM32U5F7VIT6Q, STM32U5F7VJT6, STM32U5F7VJT6Q, STM32U5F9BJY6QTR, STM32U5F9NJH6Q, STM32U5F9VIT6Q, STM32U5F9VJT6Q, STM32U5F9ZIJ6QTR, STM32U5F9ZIT6Q, STM32U5F9ZJJ6QTR, STM32U5F9ZJT6Q, STM32U5G7VJT6, STM32U5G7VJT6Q, STM32U5G9BJY6QTR, STM32U5G9J-DK1, STM32U5G9J-DK2, STM32U5G9NJH6Q, STM32U5G9VJT6Q, STM32U5G9ZJJ6QTR, STM32U5G9ZJT6Q, STM32WB05KZV6TR, STM32WB05KZV7TR, STM32WB05TZF6TR, STM32WB05TZF7TR, STM32WB06CCF6TR, STM32WB06CCF7TR, STM32WB06CCV6TR, STM32WB06CCV7TR, STM32WB06KCV6TR, STM32WB06KCV7TR, STM32WB07CCF6TR, STM32WB07CCF7TR, STM32WB07CCV6TR, STM32WB07CCV7TR, STM32WB07KCV6TR, STM32WB07KCV7TR, STM32WB09KEV6TR, STM32WB09KEV7TR, STM32WB09TEF6TR, STM32WB09TEF7TR, STM32WB1MMCH6, STM32WBA50KGU6, STM32WBA50KGU6TR, STM32WBA52CEU6, STM32WBA52CEU6TR, STM32WBA52CEU7, STM32WBA52CEU7TR, STM32WBA52CGU6, STM32WBA52CGU6TR, STM32WBA52CGU6U, STM32WBA52CGU7, STM32WBA52CGU7TR, STM32WBA52KEU6, STM32WBA52KEU6TR, STM32WBA52KGU6, STM32WBA52KGU6TR, STM32WBA54CEU6, STM32WBA54CEU6TR, STM32WBA54CEU7, STM32WBA54CEU7TR, STM32WBA54CGU6, STM32WBA54CGU6TR, STM32WBA54CGU7, STM32WBA54CGU7TR, STM32WBA54KEU6, STM32WBA54KEU6TR, STM32WBA54KEU7, STM32WBA54KEU7TR, STM32WBA54KGU6, STM32WBA54KGU6TR, STM32WBA54KGU7, STM32WBA54KGU7TR, STM32WBA55CEU6, STM32WBA55CEU6TR, STM32WBA55CEU7, STM32WBA55CEU7TR, STM32WBA55CGU6, STM32WBA55CGU6TR, STM32WBA55CGU6U, STM32WBA55CGU7, STM32WBA55CGU7TR, STM32WBA55G-DK1, STM32WBA55HEF6, STM32WBA55HEF7, STM32WBA55HGF6, STM32WBA55HGF7, STM32WBA55UEI6, STM32WBA55UEI6TR, STM32WBA55UEI7, STM32WBA55UEI7TR, STM32WBA55UGI6, STM32WBA55UGI6TR, STM32WBA55UGI7, STM32WBA55UGI7TR, STM32WL5MOCH6, STM32WL5MOCH6TR]
2025-08-19 10:16:28,771 [INFO] DbMcus:218 - Found 4733 MCUs, 4733 are supported
2025-08-19 10:16:28,772 [INFO] ApiDb:423 - Load user favorites file C:\Users\Truong Quoc Huy/.stm32cubeide/favorites.mcus.txt: 0 item(s)
2025-08-19 10:16:28,772 [INFO] ApiDb:427 - User favorites MCUs=[]
2025-08-19 10:16:28,773 [INFO] DbMcus:224 - Set 0 / 0 favorites MCUs
2025-08-19 10:16:29,049 [INFO] WebApp:186 - Connection restablished
2025-08-19 10:16:29,143 [INFO] WebApp:220 - Starting web application
2025-08-19 10:16:29,144 [INFO] WebApp:578 - Web application path used D:\STM32CubeIDE_1.16.0\STM32CubeIDE\plugins\com.st.stm32cube.common.mx_6.12.0.202406281431\db\plugins\mcufinder\reactClient1\index.html
2025-08-19 10:16:29,599 [INFO] BoardInfo:889 - No configuration file found for board B-WBA5M-WPAN
2025-08-19 10:16:29,600 [INFO] DbBoards:161 - Board is not supported: B-WBA5M-WPAN
2025-08-19 10:16:29,615 [INFO] BoardInfo:889 - No configuration file found for board NUCLEO-C051C8
2025-08-19 10:16:29,616 [INFO] DbBoards:161 - Board is not supported: NUCLEO-C051C8
2025-08-19 10:16:29,627 [INFO] BoardInfo:889 - No configuration file found for board NUCLEO-C092RC
2025-08-19 10:16:29,628 [INFO] DbBoards:161 - Board is not supported: NUCLEO-C092RC
2025-08-19 10:16:29,931 [INFO] BoardInfo:889 - No configuration file found for board NUCLEO-N657X0-Q
2025-08-19 10:16:29,932 [INFO] DbBoards:161 - Board is not supported: NUCLEO-N657X0-Q
2025-08-19 10:16:29,958 [INFO] BoardInfo:889 - No configuration file found for board NUCLEO-U385RG-Q
2025-08-19 10:16:29,960 [INFO] DbBoards:161 - Board is not supported: NUCLEO-U385RG-Q
2025-08-19 10:16:30,008 [INFO] BoardInfo:889 - No configuration file found for board NUCLEO-WBA65RI
2025-08-19 10:16:30,009 [INFO] DbBoards:161 - Board is not supported: NUCLEO-WBA65RI
2025-08-19 10:16:30,013 [INFO] BoardInfo:889 - No configuration file found for board NUCLEO-WL33CC1
2025-08-19 10:16:30,014 [INFO] DbBoards:161 - Board is not supported: NUCLEO-WL33CC1
2025-08-19 10:16:30,018 [INFO] BoardInfo:889 - No configuration file found for board NUCLEO-WL33CC2
2025-08-19 10:16:30,019 [INFO] DbBoards:161 - Board is not supported: NUCLEO-WL33CC2
2025-08-19 10:16:30,038 [INFO] BoardInfo:889 - No configuration file found for board P-NUCLEO-WB55
2025-08-19 10:16:30,039 [INFO] DbBoards:161 - Kit is not supported: P-NUCLEO-WB55
2025-08-19 10:16:30,055 [INFO] BoardInfo:889 - No configuration file found for board STEVAL-BFA001V1B
2025-08-19 10:16:30,056 [INFO] DbBoards:161 - Kit is not supported: STEVAL-BFA001V1B
2025-08-19 10:16:30,059 [INFO] BoardInfo:889 - No configuration file found for board STEVAL-BFA001V2B
2025-08-19 10:16:30,060 [INFO] DbBoards:161 - Kit is not supported: STEVAL-BFA001V2B
2025-08-19 10:16:30,472 [INFO] BoardInfo:889 - No configuration file found for board STM32N6570-DK
2025-08-19 10:16:30,473 [INFO] DbBoards:161 - Board is not supported: STM32N6570-DK
2025-08-19 10:16:30,505 [INFO] BoardInfo:889 - No configuration file found for board STM32WBA65I-DK1
2025-08-19 10:16:30,506 [INFO] DbBoards:161 - Board is not supported: STM32WBA65I-DK1
2025-08-19 10:16:30,506 [INFO] DbBoards:168 - Found 211 boards, 198 are supported
2025-08-19 10:16:30,506 [INFO] DbBoards:169 - Found 211 boards, 25 of them is supported for  Bsp
2025-08-19 10:16:30,509 [INFO] ApiDb:423 - Load user favorites file C:\Users\Truong Quoc Huy/.stm32cubeide/favorites.boards.txt: 0 item(s)
2025-08-19 10:16:30,509 [INFO] ApiDb:427 - User favorites Boards=[]
2025-08-19 10:16:30,509 [INFO] DbBoards:198 - Set 0 / 0 favorites Boards
2025-08-19 10:16:30,509 [INFO] McuFinderGlobals:76 - Set McuFinderConnectedMode to true
2025-08-19 10:16:30,516 [INFO] MultiScanPanel:200 - Auto-refresh data requested => check proxy status ongoing
2025-08-19 10:16:30,518 [INFO] FinderPluginLoader:95 - Searching for filters in installed packs
2025-08-19 10:16:32,249 [INFO] LoadUrlFilesThread:185 - End of LoadServerUrlFiles without Thread
2025-08-19 10:16:32,362 [INFO] DetailPanel:341 - Set advertising image to C:/Users/Truong Quoc Huy/STM32Cube/Repository/\en.2400x1350px.jpeg
2025-08-19 10:17:28,715 [INFO] MainUpdater:2873 - connection check result : 10
2025-08-19 10:17:28,716 [INFO] MainUpdater:2873 - connection check result : 10
2025-08-19 10:17:28,757 [INFO] RulesReader:64 - Compatibility file has been processed (297 Rules)
2025-08-19 10:17:28,773 [INFO] RulesReader:64 - Compatibility file has been processed (297 Rules)
2025-08-19 10:17:28,777 [INFO] MicroXplorer:468 - Change Database Path : 
2025-08-19 10:17:28,778 [INFO] MicroXplorer:498 - Change Database Version : DB.6.0.120
2025-08-19 10:17:28,787 [WARN] ThirdParty:871 - waiting for thirdparty lock release [close project]
2025-08-19 10:17:28,787 [INFO] ThirdParty:873 - entering critical section [close project]
2025-08-19 10:17:28,788 [INFO] ThirdParty:883 - exiting critical section [close project]
2025-08-19 10:17:28,790 [INFO] PinOutPanel:1561 - setPackage(No Configuration,No Configuration)
2025-08-19 10:17:28,795 [INFO] UtilMem:75 - Begin LoadConfig() Used Memory: 547298840 Bytes (861929472)
2025-08-19 10:17:28,797 [INFO] MicroXplorer:468 - Change Database Path : 
2025-08-19 10:17:28,797 [INFO] MicroXplorer:498 - Change Database Version : DB.6.0.120
2025-08-19 10:17:28,798 [INFO] OpenFileManager:332 - Change cursor
2025-08-19 10:17:28,843 [INFO] Mcu:2032 - Initializing MCU STM32F103C8Tx STM32F103C8Tx STM32F103C8T6
2025-08-19 10:17:30,407 [INFO] Context:742 - Trying to add GPIOservice into a context  which must be forbidden
2025-08-19 10:17:30,667 [INFO] ImportTextPane:205 - (OptionalMessage_ERROR) Unable to find key (Mcu.ThirdPartyNb) in loaded IOC file
2025-08-19 10:17:30,667 [INFO] ImportTextPane:205 - (OptionalMessage_ERROR) Unable to find key (Mcu.PinsNb) in loaded IOC file
2025-08-19 10:17:30,667 [INFO] ImportTextPane:205 - (OptionalMessage_ERROR) Unable to find key (Mcu.IPNb) in loaded IOC file
2025-08-19 10:17:30,726 [WARN] ModelIntegratedComponent:63 - No mode defined for component null
2025-08-19 10:17:30,726 [WARN] ModelIntegratedComponent:63 - No mode defined for component null
2025-08-19 10:17:30,726 [WARN] ModelIntegratedComponent:63 - No mode defined for component null
2025-08-19 10:17:30,726 [WARN] ModelIntegratedComponent:63 - No mode defined for component null
2025-08-19 10:17:30,726 [WARN] ModelIntegratedComponent:63 - No mode defined for component null
2025-08-19 10:17:30,726 [WARN] ModelIntegratedComponent:63 - No mode defined for component null
2025-08-19 10:17:30,727 [WARN] ModelIntegratedComponent:63 - No mode defined for component null
2025-08-19 10:17:30,727 [WARN] ModelIntegratedComponent:63 - No mode defined for component null
2025-08-19 10:17:30,727 [WARN] ModelIntegratedComponent:63 - No mode defined for component null
2025-08-19 10:17:30,727 [WARN] ModelIntegratedComponent:63 - No mode defined for component null
2025-08-19 10:17:30,727 [WARN] ModelIntegratedComponent:63 - No mode defined for component null
2025-08-19 10:17:30,727 [WARN] ModelIntegratedComponent:63 - No mode defined for component null
2025-08-19 10:17:30,727 [WARN] ModelIntegratedComponent:63 - No mode defined for component null
2025-08-19 10:17:30,728 [WARN] ModelIntegratedComponent:63 - No mode defined for component null
2025-08-19 10:17:30,728 [WARN] ModelIntegratedComponent:63 - No mode defined for component null
2025-08-19 10:17:30,728 [WARN] ModelIntegratedComponent:63 - No mode defined for component null
2025-08-19 10:17:30,728 [WARN] ModelIntegratedComponent:63 - No mode defined for component null
2025-08-19 10:17:30,728 [WARN] ModelIntegratedComponent:63 - No mode defined for component null
2025-08-19 10:17:30,728 [WARN] ModelIntegratedComponent:63 - No mode defined for component null
2025-08-19 10:17:30,728 [WARN] ModelIntegratedComponent:63 - No mode defined for component null
2025-08-19 10:17:30,729 [WARN] ModelIntegratedComponent:63 - No mode defined for component null
2025-08-19 10:17:30,729 [WARN] ModelIntegratedComponent:63 - No mode defined for component null
2025-08-19 10:17:30,729 [WARN] ModelIntegratedComponent:63 - No mode defined for component null
2025-08-19 10:17:30,729 [WARN] ModelIntegratedComponent:63 - No mode defined for component null
2025-08-19 10:17:30,729 [WARN] ModelIntegratedComponent:63 - No mode defined for component null
2025-08-19 10:17:30,729 [WARN] ModelIntegratedComponent:63 - No mode defined for component null
2025-08-19 10:17:30,729 [WARN] ModelIntegratedComponent:63 - No mode defined for component null
2025-08-19 10:17:30,729 [WARN] ModelIntegratedComponent:63 - No mode defined for component null
2025-08-19 10:17:30,730 [WARN] ModelIntegratedComponent:63 - No mode defined for component null
2025-08-19 10:17:30,730 [WARN] ModelIntegratedComponent:63 - No mode defined for component null
2025-08-19 10:17:30,730 [WARN] ModelIntegratedComponent:63 - No mode defined for component null
2025-08-19 10:17:30,730 [WARN] ModelIntegratedComponent:63 - No mode defined for component null
2025-08-19 10:17:30,730 [WARN] ModelIntegratedComponent:63 - No mode defined for component null
2025-08-19 10:17:30,730 [WARN] ModelIntegratedComponent:63 - No mode defined for component null
2025-08-19 10:17:30,730 [WARN] ModelIntegratedComponent:63 - No mode defined for component null
2025-08-19 10:17:30,731 [WARN] ModelPack:524 - Component already loaded: STMicroelectronics:HAL Drivers:0.0.0:STMicroelectronics:Device:STMicro_Driver:XSPI:HAL::0.0.1:HAL_XSPI
2025-08-19 10:17:30,747 [INFO] RtosManager:555 - Registered RTOS mode: class=CMSIS, group=RTOS, mode=CMSIS_V1, owner=FREERTOS
2025-08-19 10:17:30,748 [INFO] RtosManager:555 - Registered RTOS mode: class=CMSIS, group=RTOS2, mode=CMSIS_V2, owner=FREERTOS
2025-08-19 10:17:30,748 [INFO] RtosManager:555 - Registered RTOS mode: class=RTOS, group=Core, mode=CMSIS_V1, owner=FREERTOS
2025-08-19 10:17:30,748 [INFO] RtosManager:555 - Registered RTOS mode: class=RTOS, group=Core, mode=CMSIS_V2, owner=FREERTOS
2025-08-19 10:17:30,748 [WARN] ModelIntegratedComponent:184 - Missing modes for component STMicroelectronics:FreeRTOS:0.0.1:STMicroelectronics:RTOS:FreeRTOS:Core:::10.2.0:
2025-08-19 10:17:30,766 [INFO] ThirdPartyModel:298 - Start build external matchings
2025-08-19 10:17:30,893 [INFO] ThirdPartyModel:316 - End build external matchings
2025-08-19 10:17:31,350 [INFO] UtilMem:75 - End LoadConfig() Used Memory: 649130728 Bytes (861929472)
2025-08-19 10:17:31,360 [WARN] ThirdParty:833 - waiting for thirdparty lock release [change project]
2025-08-19 10:17:31,361 [INFO] ThirdParty:835 - entering critical section [change project]
2025-08-19 10:17:31,361 [INFO] ThirdParty:1030 - CMSIS Pack Vendor :STMicroelectronics USBPD 4.1
2025-08-19 10:17:31,361 [INFO] ThirdParty:1030 - CMSIS Pack Vendor :STMicroelectronics X-CUBE-DISPLAY 3.0.0
2025-08-19 10:17:31,361 [INFO] ThirdParty:1030 - CMSIS Pack Vendor :STMicroelectronics USB_HOST 2.0.0
2025-08-19 10:17:31,361 [INFO] ThirdParty:1030 - CMSIS Pack Vendor :STMicroelectronics FP-SNS-MOTENVWB1 1.4.0
2025-08-19 10:17:31,362 [INFO] ThirdParty:1030 - CMSIS Pack Vendor :STMicroelectronics X-CUBE-AZRTOS-F4 1.1.0
2025-08-19 10:17:31,362 [INFO] ThirdParty:1030 - CMSIS Pack Vendor :STMicroelectronics LIBJPEG 8.0.0
2025-08-19 10:17:31,362 [INFO] ThirdParty:1030 - CMSIS Pack Vendor :STMicroelectronics FP-ATR-SIGFOX1 3.2.0
2025-08-19 10:17:31,362 [INFO] ThirdParty:1030 - CMSIS Pack Vendor :STMicroelectronics X-CUBE-SMBUS 2.1.0
2025-08-19 10:17:31,362 [INFO] ThirdParty:1030 - CMSIS Pack Vendor :STMicroelectronics USB_DEVICE 3.0.0
2025-08-19 10:17:31,362 [INFO] ThirdParty:1030 - CMSIS Pack Vendor :STMicroelectronics HAL Drivers 0.0.0
2025-08-19 10:17:31,362 [INFO] ThirdParty:1030 - CMSIS Pack Vendor :STMicroelectronics MBEDTLS 2.16.2
2025-08-19 10:17:31,363 [INFO] ThirdParty:1030 - CMSIS Pack Vendor :STMicroelectronics X-CUBE-ALS 1.0.2
2025-08-19 10:17:31,363 [INFO] ThirdParty:1030 - CMSIS Pack Vendor :STMicroelectronics X-CUBE-AZRTOS-WB 2.0.0
2025-08-19 10:17:31,363 [INFO] ThirdParty:1030 - CMSIS Pack Vendor :STMicroelectronics MBEDTLS 2.14.1
2025-08-19 10:17:31,363 [INFO] ThirdParty:1030 - CMSIS Pack Vendor :STMicroelectronics X-CUBE-AZRTOS-F7 1.1.0
2025-08-19 10:17:31,363 [INFO] ThirdParty:1030 - CMSIS Pack Vendor :STMicroelectronics X-CUBE-AZRTOS-L5 2.0.0
2025-08-19 10:17:31,363 [INFO] ThirdParty:1030 - CMSIS Pack Vendor :STMicroelectronics USB_DEVICE 2.0.0
2025-08-19 10:17:31,363 [INFO] ThirdParty:1030 - CMSIS Pack Vendor :STMicroelectronics X-CUBE-NFC6 3.1.0
2025-08-19 10:17:31,364 [INFO] ThirdParty:1030 - CMSIS Pack Vendor :STMicroelectronics ThreadX 1.0.0
2025-08-19 10:17:31,364 [INFO] ThirdParty:1030 - CMSIS Pack Vendor :STMicroelectronics FP-SNS-SMARTAG2 1.2.0
2025-08-19 10:17:31,364 [INFO] ThirdParty:1030 - CMSIS Pack Vendor :STMicroelectronics X-CUBE-AZRTOS-WL 2.0.0
2025-08-19 10:17:31,364 [INFO] ThirdParty:1030 - CMSIS Pack Vendor :SEGGER I-CUBE-embOS 1.3.1
2025-08-19 10:17:31,364 [INFO] ThirdParty:1030 - CMSIS Pack Vendor :STMicroelectronics X-CUBE-ALGOBUILD 1.4.0
2025-08-19 10:17:31,364 [INFO] ThirdParty:1030 - CMSIS Pack Vendor :STMicroelectronics FreeRTOS 0.0.1
2025-08-19 10:17:31,364 [INFO] ThirdParty:1030 - CMSIS Pack Vendor :STMicroelectronics FP-SNS-MOTENV1 5.0.0
2025-08-19 10:17:31,364 [INFO] ThirdParty:1030 - CMSIS Pack Vendor :STMicroelectronics X-CUBE-AZRTOS-G0 1.1.0
2025-08-19 10:17:31,364 [INFO] ThirdParty:1030 - CMSIS Pack Vendor :STMicroelectronics USB_DEVICE 1.0.0
2025-08-19 10:17:31,365 [INFO] ThirdParty:1030 - CMSIS Pack Vendor :STMicroelectronics X-CUBE-SAFEA1 1.2.2
2025-08-19 10:17:31,365 [INFO] ThirdParty:1030 - CMSIS Pack Vendor :STMicroelectronics X-CUBE-NFC4 3.0.0
2025-08-19 10:17:31,365 [INFO] ThirdParty:1030 - CMSIS Pack Vendor :STMicroelectronics X-CUBE-SUBG2 5.0.0
2025-08-19 10:17:31,365 [INFO] ThirdParty:1030 - CMSIS Pack Vendor :STMicroelectronics STM32_WPAN 1.0.0
2025-08-19 10:17:31,365 [INFO] ThirdParty:1030 - CMSIS Pack Vendor :STMicroelectronics X-CUBE-AZRTOS-L4 2.0.0
2025-08-19 10:17:31,365 [INFO] ThirdParty:1030 - CMSIS Pack Vendor :STMicroelectronics ThreadX 0.0.2
2025-08-19 10:17:31,365 [INFO] ThirdParty:1030 - CMSIS Pack Vendor :STMicroelectronics lwIP 2.0.3
2025-08-19 10:17:31,365 [INFO] ThirdParty:1030 - CMSIS Pack Vendor :STMicroelectronics lwIP 2.1.2
2025-08-19 10:17:31,366 [INFO] ThirdParty:1030 - CMSIS Pack Vendor :STMicroelectronics X-CUBE-SFXS2LP1 4.0.0
2025-08-19 10:17:31,366 [INFO] ThirdParty:1030 - CMSIS Pack Vendor :STMicroelectronics X-CUBE-BLE2 3.3.0
2025-08-19 10:17:31,366 [INFO] ThirdParty:1030 - CMSIS Pack Vendor :STMicroelectronics USB_HOST 1.0.0
2025-08-19 10:17:31,366 [INFO] ThirdParty:1030 - CMSIS Pack Vendor :STMicroelectronics X-CUBE-AZRTOS-G4 2.0.0
2025-08-19 10:17:31,366 [INFO] ThirdParty:1030 - CMSIS Pack Vendor :STMicroelectronics PDM2PCM 3.1.0
2025-08-19 10:17:31,366 [INFO] ThirdParty:1030 - CMSIS Pack Vendor :STMicroelectronics PDM2PCM 3.2.0
2025-08-19 10:17:31,366 [INFO] ThirdParty:1030 - CMSIS Pack Vendor :STMicroelectronics PDM2PCM 3.3.0
2025-08-19 10:17:31,366 [INFO] ThirdParty:841 - exiting critical section [change project]
2025-08-19 10:17:31,626 [INFO] PinOutPanel:1561 - setPackage(No Configuration,No Configuration)
2025-08-19 10:17:31,627 [INFO] PinOutPanel:1561 - setPackage(STM32F103C8Tx,LQFP48)
2025-08-19 10:17:32,173 [INFO] UtilMem:75 - Before build in PCC Used Memory: 510089792 Bytes (861929472)
2025-08-19 10:17:33,059 [INFO] UtilMem:75 - After build in PCC Used Memory: 708844592 Bytes (891289600)
2025-08-19 10:17:33,087 [INFO] IPUIPlugin:80 - create IPUIPlugin
2025-08-19 10:17:33,088 [INFO] IPUIPlugin:80 - create IPUIPlugin
2025-08-19 10:17:33,088 [INFO] IPUIPlugin:80 - create IPUIPlugin
2025-08-19 10:17:33,088 [INFO] IPUIPlugin:80 - create IPUIPlugin
2025-08-19 10:17:33,088 [INFO] IPUIPlugin:80 - create IPUIPlugin
2025-08-19 10:17:33,088 [INFO] IPUIPlugin:80 - create IPUIPlugin
2025-08-19 10:17:33,089 [INFO] IPUIPlugin:80 - create IPUIPlugin
2025-08-19 10:17:33,089 [INFO] IPUIPlugin:80 - create IPUIPlugin
2025-08-19 10:17:33,089 [INFO] IPUIPlugin:80 - create IPUIPlugin
2025-08-19 10:17:33,089 [INFO] IPUIPlugin:80 - create IPUIPlugin
2025-08-19 10:17:33,090 [INFO] IPUIPlugin:80 - create IPUIPlugin
2025-08-19 10:17:33,090 [INFO] IPUIPlugin:80 - create IPUIPlugin
2025-08-19 10:17:33,090 [INFO] IPUIPlugin:80 - create IPUIPlugin
2025-08-19 10:17:33,090 [INFO] IPUIPlugin:80 - create IPUIPlugin
2025-08-19 10:17:33,091 [INFO] IPUIPlugin:80 - create IPUIPlugin
2025-08-19 10:17:33,091 [INFO] IPUIPlugin:80 - create IPUIPlugin
2025-08-19 10:17:33,091 [INFO] IPUIPlugin:80 - create IPUIPlugin
2025-08-19 10:17:33,092 [INFO] IPUIPlugin:80 - create IPUIPlugin
2025-08-19 10:17:33,092 [INFO] IPUIPlugin:80 - create IPUIPlugin
2025-08-19 10:17:33,092 [INFO] IPUIPlugin:80 - create IPUIPlugin
2025-08-19 10:17:33,093 [INFO] IPUIPlugin:80 - create IPUIPlugin
2025-08-19 10:17:33,093 [INFO] IPUIPlugin:80 - create IPUIPlugin
2025-08-19 10:17:33,093 [INFO] IPUIPlugin:80 - create IPUIPlugin
2025-08-19 10:17:33,094 [INFO] IPUIPlugin:80 - create IPUIPlugin
2025-08-19 10:17:33,094 [INFO] IPUIPlugin:80 - create IPUIPlugin
2025-08-19 10:17:33,094 [INFO] IPUIPlugin:80 - create IPUIPlugin
2025-08-19 10:17:33,095 [INFO] IPUIPlugin:80 - create IPUIPlugin
2025-08-19 10:17:33,383 [INFO] CADModel:165 - CPN selected for project levelSTM32F103C8T6
2025-08-19 10:17:33,384 [INFO] CADModel:114 - Register for checkConnection events
2025-08-19 10:17:33,423 [INFO] OpenFileManager:363 - Restore cursor
2025-08-19 10:17:35,272 [INFO] UtilMem:75 - End SaveConfig() Used Memory: 707738960 Bytes (891289600)
2025-08-19 10:17:35,494 [INFO] UtilMem:75 - End SaveConfig() Used Memory: 720487936 Bytes (891289600)
2025-08-19 10:17:36,244 [INFO] BlockDiagram:2766 - set Specific Code input for plugin: NVIC
2025-08-19 10:17:36,245 [INFO] BlockDiagram:2766 - set Specific Code input for plugin: RCC
2025-08-19 10:17:36,247 [INFO] CodeGenerator:807 - code generatio: config db path: D:\STM32CubeIDE_1.16.0\STM32CubeIDE\plugins\com.st.stm32cube.common.mx_6.12.0.202406281431\\db\
2025-08-19 10:17:36,431 [INFO] CodeEngine:255 - oldGeneratedFile, D:\bootloaderF1\stm32_bootloader\MXTmpFiles\license.tmp_save
2025-08-19 10:17:36,897 [INFO] CodeEngine:279 - Generated code: D:\bootloaderF1\stm32_bootloader\MXTmpFiles\license.tmp
2025-08-19 10:17:36,921 [INFO] CodeEngine:255 - oldGeneratedFile, D:\bootloaderF1\stm32_bootloader\Core\Src\stm32f1xx_it.c_save
2025-08-19 10:17:37,091 [INFO] CodeEngine:279 - Generated code: D:\bootloaderF1\stm32_bootloader\Core\Src\stm32f1xx_it.c
2025-08-19 10:17:37,100 [INFO] CodeEngine:255 - oldGeneratedFile, D:\bootloaderF1\stm32_bootloader\Core\Inc\stm32f1xx_it.h_save
2025-08-19 10:17:37,256 [INFO] CodeEngine:279 - Generated code: D:\bootloaderF1\stm32_bootloader\Core\Inc\stm32f1xx_it.h
2025-08-19 10:17:37,396 [INFO] CodeEngine:255 - oldGeneratedFile, D:\bootloaderF1\stm32_bootloader\Core\Src\stm32f1xx_hal_msp.c_save
2025-08-19 10:17:37,596 [INFO] CodeEngine:279 - Generated code: D:\bootloaderF1\stm32_bootloader\Core\Src\stm32f1xx_hal_msp.c
2025-08-19 10:17:37,605 [INFO] CodeEngine:255 - oldGeneratedFile, D:\bootloaderF1\stm32_bootloader\MXTmpFiles\system.tmp_save
2025-08-19 10:17:37,707 [INFO] CodeEngine:279 - Generated code: D:\bootloaderF1\stm32_bootloader\MXTmpFiles\system.tmp
2025-08-19 10:17:37,727 [INFO] CodeEngine:311 - oldGeneratedFile, D:\bootloaderF1\stm32_bootloader\Core\Inc\stm32f1xx_hal_conf.h_save
2025-08-19 10:17:37,842 [INFO] CodeEngine:335 - Generated code: D:\bootloaderF1\stm32_bootloader\Core\Inc\stm32f1xx_hal_conf.h
2025-08-19 10:17:37,910 [INFO] CodeEngine:255 - oldGeneratedFile, D:\bootloaderF1\stm32_bootloader\Core\Inc\main.h_save
2025-08-19 10:17:38,038 [INFO] CodeEngine:279 - Generated code: D:\bootloaderF1\stm32_bootloader\Core\Inc\main.h
2025-08-19 10:17:38,051 [INFO] CodeEngine:255 - oldGeneratedFile, D:\bootloaderF1\stm32_bootloader\Core\Src\main.c_save
2025-08-19 10:17:38,206 [INFO] CodeEngine:279 - Generated code: D:\bootloaderF1\stm32_bootloader\Core\Src\main.c
2025-08-19 10:17:38,989 [INFO] ProjectBuilder:3249 - Time for Copy HAL[1] : 473mS.
2025-08-19 10:17:39,000 [INFO] ProjectBuilder:4828 - Project Generator version: 4.4.0-B60
2025-08-19 10:17:39,161 [INFO] ConfigFileManager:1531 - The Die is : DIE410
2025-08-19 10:17:39,174 [INFO] ApiDbMcu:508 - Load IP Config File for FATFS
2025-08-19 10:17:39,186 [INFO] ApiDbMcu:508 - Load IP Config File for FREERTOS
2025-08-19 10:17:39,198 [INFO] ApiDbMcu:508 - Load IP Config File for USB_DEVICE
2025-08-19 10:17:39,786 [INFO] LogOutputStream:77 - [STDOUT_REDIRECT] 
2025-08-19 10:17:44,363 [INFO] ProjectBuilder:5097 - Time for Generating toolchain IDE Files: 5362mS.
2025-08-19 10:17:44,365 [INFO] ProjectBuilder:3107 - Time for Copy CMSIS : 2mS.
2025-08-19 10:17:44,370 [INFO] ProjectBuilder:3107 - Time for Copy CMSIS : 0mS.
2025-08-19 10:17:45,398 [INFO] McuFinderGlobals:76 - Set McuFinderConnectedMode to true
2025-08-19 10:17:45,402 [INFO] ApiDb:448 - Save user favorites file C:\Users\Truong Quoc Huy/.stm32cubeide/favorites.mcus.txt: 0 item(s)
2025-08-19 10:17:45,402 [INFO] ApiDb:452 - User favorites MCUs=[]
2025-08-19 10:32:03,312 [INFO] MainUpdater:2873 - connection check result : 10
2025-08-19 10:32:03,361 [INFO] McuFinderGlobals:76 - Set McuFinderConnectedMode to true
2025-08-19 10:32:03,361 [INFO] MultiScanPanel:200 - Auto-refresh data requested => check proxy status ongoing
2025-08-19 10:32:03,361 [INFO] FinderPluginLoader:95 - Searching for filters in installed packs
2025-08-19 10:32:03,977 [INFO] LoadUrlFilesThread:185 - End of LoadServerUrlFiles without Thread
2025-08-19 10:32:03,977 [INFO] DetailPanel:341 - Set advertising image to C:/Users/Truong Quoc Huy/STM32Cube/Repository/\en.2400x1350px.jpeg
2025-08-19 10:32:21,769 [INFO] MainUpdater:2873 - connection check result : 10
2025-08-19 10:32:21,769 [INFO] MainUpdater:2873 - connection check result : 10
2025-08-19 10:32:22,063 [INFO] MicroXplorer:468 - Change Database Path : 
2025-08-19 10:32:22,064 [INFO] MicroXplorer:498 - Change Database Version : DB.6.0.120
2025-08-19 10:32:22,072 [ERROR] ProjectManagerView:394 - 
java.lang.NullPointerException: Cannot invoke "javax.swing.JTextField.getText()" because the return value of "java.util.List.get(int)" is null
	at com.st.microxplorer.plugins.projectmanager.gui.ProjectChoiceTab$10.caretUpdate(ProjectChoiceTab.java:2622) ~[filemanager.jar:?]
	at javax.swing.text.JTextComponent.fireCaretUpdate(JTextComponent.java:412) ~[?:?]
	at javax.swing.text.JTextComponent$MutableCaretEvent.fire(JTextComponent.java:4491) ~[?:?]
	at javax.swing.text.JTextComponent$MutableCaretEvent.stateChanged(JTextComponent.java:4513) ~[?:?]
	at javax.swing.text.DefaultCaret.fireStateChanged(DefaultCaret.java:842) ~[?:?]
	at javax.swing.text.DefaultCaret.changeCaretPosition(DefaultCaret.java:1313) ~[?:?]
	at javax.swing.text.DefaultCaret.handleSetDot(DefaultCaret.java:1212) ~[?:?]
	at javax.swing.text.DefaultCaret.setDot(DefaultCaret.java:1193) ~[?:?]
	at javax.swing.text.DefaultCaret$Handler.insertUpdate(DefaultCaret.java:1789) ~[?:?]
	at javax.swing.text.AbstractDocument.fireInsertUpdate(AbstractDocument.java:226) ~[?:?]
	at javax.swing.text.AbstractDocument.handleInsertString(AbstractDocument.java:780) ~[?:?]
	at javax.swing.text.AbstractDocument.insertString(AbstractDocument.java:739) ~[?:?]
	at javax.swing.text.PlainDocument.insertString(PlainDocument.java:131) ~[?:?]
	at javax.swing.text.AbstractDocument.replace(AbstractDocument.java:698) ~[?:?]
	at javax.swing.text.JTextComponent.setText(JTextComponent.java:1729) ~[?:?]
	at com.st.microxplorer.plugins.projectmanager.gui.ProjectChoiceTab.createHeapStackFields(ProjectChoiceTab.java:972) ~[filemanager.jar:?]
	at com.st.microxplorer.plugins.projectmanager.gui.ProjectChoiceTab.buildLinkSettingsPanel(ProjectChoiceTab.java:3597) ~[filemanager.jar:?]
	at com.st.microxplorer.plugins.projectmanager.gui.ProjectChoiceTab.defineWindowsFields(ProjectChoiceTab.java:1940) ~[filemanager.jar:?]
	at com.st.microxplorer.plugins.projectmanager.gui.ProjectChoiceTab.updateSettings(ProjectChoiceTab.java:550) ~[filemanager.jar:?]
	at com.st.microxplorer.plugins.projectmanager.gui.ProjectSettingsPanel.UpdateDialog(ProjectSettingsPanel.java:245) ~[filemanager.jar:?]
	at com.st.microxplorer.plugins.projectmanager.ProjectManagerView.propertyChange(ProjectManagerView.java:391) ~[filemanager.jar:?]
	at java.beans.PropertyChangeSupport.fire(PropertyChangeSupport.java:343) ~[?:?]
	at java.beans.PropertyChangeSupport.firePropertyChange(PropertyChangeSupport.java:335) ~[?:?]
	at java.beans.PropertyChangeSupport.firePropertyChange(PropertyChangeSupport.java:268) ~[?:?]
	at com.st.microxplorer.util.MXPropertyChangeSupport.firePropertyChange(MXPropertyChangeSupport.java:54) ~[STM32CubeMX.jar:?]
	at com.st.microxplorer.mxsystem.MxSystem.closeConfig(MxSystem.java:900) ~[STM32CubeMX.jar:?]
	at com.st.microxplorer.maingui.MainPanel.closeConfig(MainPanel.java:781) ~[STM32CubeMX.jar:?]
	at com.st.microxplorer.plugins.filemanager.engine.OpenFileManager.loadConfigurationFile(OpenFileManager.java:265) ~[filemanager.jar:?]
	at com.st.microxplorer.plugins.filemanager.engine.MainFileManager.userLoadConfig(MainFileManager.java:352) ~[filemanager.jar:?]
	at com.st.microxplorer.plugins.filemanager.engine.MainFileManager.userLoadConfig(MainFileManager.java:330) ~[filemanager.jar:?]
	at com.st.microxplorer.plugins.filemanager.FileManagerView.getSpecificTask(FileManagerView.java:246) ~[filemanager.jar:?]
	at com.st.stm32cube.common.mx.editor.CubeMxEditor.getMxTabbedPaneInstance(CubeMxEditor.java:1198) ~[com.st.stm32cube.common.mx_6.12.0.202406281431/:?]
	at com.st.stm32cube.common.mx.editor.CubeMxEditor$12$1.createSwingComponent(CubeMxEditor.java:1068) ~[com.st.stm32cube.common.mx_6.12.0.202406281431/:?]
	at com.st.stm32cube.common.mx.oss.core.awtswtbridge.EmbeddedSwingComposite.doComponentCreation(EmbeddedSwingComposite.java:492) ~[com.st.stm32cube.common.mx.oss_6.12.0.202406281431/:?]
	at com.st.stm32cube.common.mx.oss.core.awtswtbridge.EmbeddedSwingComposite$4.run(EmbeddedSwingComposite.java:291) ~[com.st.stm32cube.common.mx.oss_6.12.0.202406281431/:?]
	at com.st.stm32cube.common.mx.oss.core.awtswtbridge.AwtEnvironment$2.run(AwtEnvironment.java:166) ~[com.st.stm32cube.common.mx.oss_6.12.0.202406281431/:?]
	at java.awt.event.InvocationEvent.dispatch(InvocationEvent.java:318) ~[?:?]
	at java.awt.EventQueue.dispatchEventImpl(EventQueue.java:773) ~[?:?]
	at java.awt.EventQueue$4.run(EventQueue.java:720) ~[?:?]
	at java.awt.EventQueue$4.run(EventQueue.java:714) ~[?:?]
	at java.security.AccessController.doPrivileged(AccessController.java:399) ~[?:?]
	at java.security.ProtectionDomain$JavaSecurityAccessImpl.doIntersectionPrivilege(ProtectionDomain.java:86) ~[?:?]
	at java.awt.EventQueue.dispatchEvent(EventQueue.java:742) ~[?:?]
	at java.awt.EventDispatchThread.pumpOneEventForFilters(EventDispatchThread.java:203) ~[?:?]
	at java.awt.EventDispatchThread.pumpEventsForFilter(EventDispatchThread.java:124) ~[?:?]
	at java.awt.EventDispatchThread.pumpEventsForHierarchy(EventDispatchThread.java:113) ~[?:?]
	at java.awt.EventDispatchThread.pumpEvents(EventDispatchThread.java:109) ~[?:?]
	at java.awt.EventDispatchThread.pumpEvents(EventDispatchThread.java:101) ~[?:?]
	at java.awt.EventDispatchThread.run(EventDispatchThread.java:90) ~[?:?]
2025-08-19 10:32:22,076 [WARN] ThirdParty:871 - waiting for thirdparty lock release [close project]
2025-08-19 10:32:22,077 [INFO] ThirdParty:873 - entering critical section [close project]
2025-08-19 10:32:22,077 [INFO] ThirdParty:883 - exiting critical section [close project]
2025-08-19 10:32:22,077 [INFO] PinOutPanel:1561 - setPackage(No Configuration,No Configuration)
2025-08-19 10:32:22,084 [INFO] UtilMem:75 - Begin LoadConfig() Used Memory: 785206208 Bytes (1073741824)
2025-08-19 10:32:22,084 [INFO] MicroXplorer:468 - Change Database Path : 
2025-08-19 10:32:22,085 [INFO] MicroXplorer:498 - Change Database Version : DB.6.0.120
2025-08-19 10:32:22,085 [INFO] OpenFileManager:332 - Change cursor
2025-08-19 10:32:22,094 [INFO] RulesReader:64 - Compatibility file has been processed (297 Rules)
2025-08-19 10:32:22,097 [INFO] Mcu:2032 - Initializing MCU STM32F103C8Tx STM32F103C8Tx STM32F103C8T6
2025-08-19 10:32:22,462 [INFO] Context:742 - Trying to add GPIOservice into a context  which must be forbidden
2025-08-19 10:32:22,545 [INFO] ImportTextPane:205 - (OptionalMessage_ERROR) Unable to find key (Mcu.ThirdPartyNb) in loaded IOC file
2025-08-19 10:32:22,545 [INFO] ImportTextPane:205 - (OptionalMessage_ERROR) Unable to find key (Mcu.PinsNb) in loaded IOC file
2025-08-19 10:32:22,545 [INFO] ImportTextPane:205 - (OptionalMessage_ERROR) Unable to find key (Mcu.IPNb) in loaded IOC file
2025-08-19 10:32:22,554 [WARN] ModelIntegratedComponent:63 - No mode defined for component null
2025-08-19 10:32:22,554 [WARN] ModelIntegratedComponent:63 - No mode defined for component null
2025-08-19 10:32:22,554 [WARN] ModelIntegratedComponent:63 - No mode defined for component null
2025-08-19 10:32:22,555 [WARN] ModelIntegratedComponent:63 - No mode defined for component null
2025-08-19 10:32:22,555 [WARN] ModelIntegratedComponent:63 - No mode defined for component null
2025-08-19 10:32:22,555 [WARN] ModelIntegratedComponent:63 - No mode defined for component null
2025-08-19 10:32:22,555 [WARN] ModelIntegratedComponent:63 - No mode defined for component null
2025-08-19 10:32:22,555 [WARN] ModelIntegratedComponent:63 - No mode defined for component null
2025-08-19 10:32:22,555 [WARN] ModelIntegratedComponent:63 - No mode defined for component null
2025-08-19 10:32:22,556 [WARN] ModelIntegratedComponent:63 - No mode defined for component null
2025-08-19 10:32:22,556 [WARN] ModelIntegratedComponent:63 - No mode defined for component null
2025-08-19 10:32:22,556 [WARN] ModelIntegratedComponent:63 - No mode defined for component null
2025-08-19 10:32:22,556 [WARN] ModelIntegratedComponent:63 - No mode defined for component null
2025-08-19 10:32:22,556 [WARN] ModelIntegratedComponent:63 - No mode defined for component null
2025-08-19 10:32:22,556 [WARN] ModelIntegratedComponent:63 - No mode defined for component null
2025-08-19 10:32:22,556 [WARN] ModelIntegratedComponent:63 - No mode defined for component null
2025-08-19 10:32:22,556 [WARN] ModelIntegratedComponent:63 - No mode defined for component null
2025-08-19 10:32:22,557 [WARN] ModelIntegratedComponent:63 - No mode defined for component null
2025-08-19 10:32:22,557 [WARN] ModelIntegratedComponent:63 - No mode defined for component null
2025-08-19 10:32:22,557 [WARN] ModelIntegratedComponent:63 - No mode defined for component null
2025-08-19 10:32:22,557 [WARN] ModelIntegratedComponent:63 - No mode defined for component null
2025-08-19 10:32:22,557 [WARN] ModelIntegratedComponent:63 - No mode defined for component null
2025-08-19 10:32:22,557 [WARN] ModelIntegratedComponent:63 - No mode defined for component null
2025-08-19 10:32:22,557 [WARN] ModelIntegratedComponent:63 - No mode defined for component null
2025-08-19 10:32:22,557 [WARN] ModelIntegratedComponent:63 - No mode defined for component null
2025-08-19 10:32:22,557 [WARN] ModelIntegratedComponent:63 - No mode defined for component null
2025-08-19 10:32:22,557 [WARN] ModelIntegratedComponent:63 - No mode defined for component null
2025-08-19 10:32:22,557 [WARN] ModelIntegratedComponent:63 - No mode defined for component null
2025-08-19 10:32:22,558 [WARN] ModelIntegratedComponent:63 - No mode defined for component null
2025-08-19 10:32:22,558 [WARN] ModelIntegratedComponent:63 - No mode defined for component null
2025-08-19 10:32:22,558 [WARN] ModelIntegratedComponent:63 - No mode defined for component null
2025-08-19 10:32:22,558 [WARN] ModelIntegratedComponent:63 - No mode defined for component null
2025-08-19 10:32:22,558 [WARN] ModelIntegratedComponent:63 - No mode defined for component null
2025-08-19 10:32:22,558 [WARN] ModelIntegratedComponent:63 - No mode defined for component null
2025-08-19 10:32:22,558 [WARN] ModelIntegratedComponent:63 - No mode defined for component null
2025-08-19 10:32:22,558 [WARN] ModelPack:524 - Component already loaded: STMicroelectronics:HAL Drivers:0.0.0:STMicroelectronics:Device:STMicro_Driver:XSPI:HAL::0.0.1:HAL_XSPI
2025-08-19 10:32:22,563 [INFO] RtosManager:555 - Registered RTOS mode: class=CMSIS, group=RTOS, mode=CMSIS_V1, owner=FREERTOS
2025-08-19 10:32:22,563 [INFO] RtosManager:555 - Registered RTOS mode: class=CMSIS, group=RTOS2, mode=CMSIS_V2, owner=FREERTOS
2025-08-19 10:32:22,563 [INFO] RtosManager:555 - Registered RTOS mode: class=RTOS, group=Core, mode=CMSIS_V1, owner=FREERTOS
2025-08-19 10:32:22,563 [INFO] RtosManager:555 - Registered RTOS mode: class=RTOS, group=Core, mode=CMSIS_V2, owner=FREERTOS
2025-08-19 10:32:22,564 [WARN] ModelIntegratedComponent:184 - Missing modes for component STMicroelectronics:FreeRTOS:0.0.1:STMicroelectronics:RTOS:FreeRTOS:Core:::10.2.0:
2025-08-19 10:32:22,570 [INFO] ThirdPartyModel:298 - Start build external matchings
2025-08-19 10:32:22,621 [INFO] ThirdPartyModel:316 - End build external matchings
2025-08-19 10:32:22,790 [INFO] UtilMem:75 - End LoadConfig() Used Memory: 820393320 Bytes (1073741824)
2025-08-19 10:32:22,805 [WARN] ThirdParty:833 - waiting for thirdparty lock release [change project]
2025-08-19 10:32:22,806 [INFO] ThirdParty:835 - entering critical section [change project]
2025-08-19 10:32:22,806 [INFO] ThirdParty:1030 - CMSIS Pack Vendor :STMicroelectronics USBPD 4.1
2025-08-19 10:32:22,806 [INFO] ThirdParty:1030 - CMSIS Pack Vendor :STMicroelectronics X-CUBE-DISPLAY 3.0.0
2025-08-19 10:32:22,806 [INFO] ThirdParty:1030 - CMSIS Pack Vendor :STMicroelectronics USB_HOST 2.0.0
2025-08-19 10:32:22,806 [INFO] ThirdParty:1030 - CMSIS Pack Vendor :STMicroelectronics FP-SNS-MOTENVWB1 1.4.0
2025-08-19 10:32:22,806 [INFO] ThirdParty:1030 - CMSIS Pack Vendor :STMicroelectronics X-CUBE-AZRTOS-F4 1.1.0
2025-08-19 10:32:22,806 [INFO] ThirdParty:1030 - CMSIS Pack Vendor :STMicroelectronics LIBJPEG 8.0.0
2025-08-19 10:32:22,807 [INFO] ThirdParty:1030 - CMSIS Pack Vendor :STMicroelectronics FP-ATR-SIGFOX1 3.2.0
2025-08-19 10:32:22,807 [INFO] ThirdParty:1030 - CMSIS Pack Vendor :STMicroelectronics X-CUBE-SMBUS 2.1.0
2025-08-19 10:32:22,807 [INFO] ThirdParty:1030 - CMSIS Pack Vendor :STMicroelectronics USB_DEVICE 3.0.0
2025-08-19 10:32:22,807 [INFO] ThirdParty:1030 - CMSIS Pack Vendor :STMicroelectronics HAL Drivers 0.0.0
2025-08-19 10:32:22,807 [INFO] ThirdParty:1030 - CMSIS Pack Vendor :STMicroelectronics MBEDTLS 2.16.2
2025-08-19 10:32:22,807 [INFO] ThirdParty:1030 - CMSIS Pack Vendor :STMicroelectronics X-CUBE-ALS 1.0.2
2025-08-19 10:32:22,807 [INFO] ThirdParty:1030 - CMSIS Pack Vendor :STMicroelectronics X-CUBE-AZRTOS-WB 2.0.0
2025-08-19 10:32:22,807 [INFO] ThirdParty:1030 - CMSIS Pack Vendor :STMicroelectronics MBEDTLS 2.14.1
2025-08-19 10:32:22,807 [INFO] ThirdParty:1030 - CMSIS Pack Vendor :STMicroelectronics X-CUBE-AZRTOS-F7 1.1.0
2025-08-19 10:32:22,808 [INFO] ThirdParty:1030 - CMSIS Pack Vendor :STMicroelectronics X-CUBE-AZRTOS-L5 2.0.0
2025-08-19 10:32:22,808 [INFO] ThirdParty:1030 - CMSIS Pack Vendor :STMicroelectronics USB_DEVICE 2.0.0
2025-08-19 10:32:22,808 [INFO] ThirdParty:1030 - CMSIS Pack Vendor :STMicroelectronics X-CUBE-NFC6 3.1.0
2025-08-19 10:32:22,808 [INFO] ThirdParty:1030 - CMSIS Pack Vendor :STMicroelectronics ThreadX 1.0.0
2025-08-19 10:32:22,808 [INFO] ThirdParty:1030 - CMSIS Pack Vendor :STMicroelectronics FP-SNS-SMARTAG2 1.2.0
2025-08-19 10:32:22,808 [INFO] ThirdParty:1030 - CMSIS Pack Vendor :STMicroelectronics X-CUBE-AZRTOS-WL 2.0.0
2025-08-19 10:32:22,808 [INFO] ThirdParty:1030 - CMSIS Pack Vendor :SEGGER I-CUBE-embOS 1.3.1
2025-08-19 10:32:22,808 [INFO] ThirdParty:1030 - CMSIS Pack Vendor :STMicroelectronics X-CUBE-ALGOBUILD 1.4.0
2025-08-19 10:32:22,809 [INFO] ThirdParty:1030 - CMSIS Pack Vendor :STMicroelectronics FreeRTOS 0.0.1
2025-08-19 10:32:22,809 [INFO] ThirdParty:1030 - CMSIS Pack Vendor :STMicroelectronics FP-SNS-MOTENV1 5.0.0
2025-08-19 10:32:22,809 [INFO] ThirdParty:1030 - CMSIS Pack Vendor :STMicroelectronics X-CUBE-AZRTOS-G0 1.1.0
2025-08-19 10:32:22,809 [INFO] ThirdParty:1030 - CMSIS Pack Vendor :STMicroelectronics USB_DEVICE 1.0.0
2025-08-19 10:32:22,809 [INFO] ThirdParty:1030 - CMSIS Pack Vendor :STMicroelectronics X-CUBE-SAFEA1 1.2.2
2025-08-19 10:32:22,809 [INFO] ThirdParty:1030 - CMSIS Pack Vendor :STMicroelectronics X-CUBE-NFC4 3.0.0
2025-08-19 10:32:22,809 [INFO] ThirdParty:1030 - CMSIS Pack Vendor :STMicroelectronics X-CUBE-SUBG2 5.0.0
2025-08-19 10:32:22,809 [INFO] ThirdParty:1030 - CMSIS Pack Vendor :STMicroelectronics STM32_WPAN 1.0.0
2025-08-19 10:32:22,809 [INFO] ThirdParty:1030 - CMSIS Pack Vendor :STMicroelectronics X-CUBE-AZRTOS-L4 2.0.0
2025-08-19 10:32:22,810 [INFO] ThirdParty:1030 - CMSIS Pack Vendor :STMicroelectronics ThreadX 0.0.2
2025-08-19 10:32:22,810 [INFO] ThirdParty:1030 - CMSIS Pack Vendor :STMicroelectronics lwIP 2.0.3
2025-08-19 10:32:22,810 [INFO] ThirdParty:1030 - CMSIS Pack Vendor :STMicroelectronics lwIP 2.1.2
2025-08-19 10:32:22,810 [INFO] ThirdParty:1030 - CMSIS Pack Vendor :STMicroelectronics X-CUBE-SFXS2LP1 4.0.0
2025-08-19 10:32:22,810 [INFO] ThirdParty:1030 - CMSIS Pack Vendor :STMicroelectronics X-CUBE-BLE2 3.3.0
2025-08-19 10:32:22,810 [INFO] ThirdParty:1030 - CMSIS Pack Vendor :STMicroelectronics USB_HOST 1.0.0
2025-08-19 10:32:22,810 [INFO] ThirdParty:1030 - CMSIS Pack Vendor :STMicroelectronics X-CUBE-AZRTOS-G4 2.0.0
2025-08-19 10:32:22,810 [INFO] ThirdParty:1030 - CMSIS Pack Vendor :STMicroelectronics PDM2PCM 3.1.0
2025-08-19 10:32:22,810 [INFO] ThirdParty:1030 - CMSIS Pack Vendor :STMicroelectronics PDM2PCM 3.2.0
2025-08-19 10:32:22,811 [INFO] ThirdParty:1030 - CMSIS Pack Vendor :STMicroelectronics PDM2PCM 3.3.0
2025-08-19 10:32:22,811 [INFO] ThirdParty:841 - exiting critical section [change project]
2025-08-19 10:32:22,925 [INFO] PinOutPanel:1561 - setPackage(No Configuration,No Configuration)
2025-08-19 10:32:22,925 [INFO] PinOutPanel:1561 - setPackage(STM32F103C8Tx,LQFP48)
2025-08-19 10:32:23,098 [INFO] UtilMem:75 - Before build in PCC Used Memory: 900360392 Bytes (1073741824)
2025-08-19 10:32:23,269 [INFO] UtilMem:75 - After build in PCC Used Memory: 748856448 Bytes (1073741824)
2025-08-19 10:32:23,290 [INFO] IPUIPlugin:80 - create IPUIPlugin
2025-08-19 10:32:23,290 [INFO] IPUIPlugin:80 - create IPUIPlugin
2025-08-19 10:32:23,290 [INFO] IPUIPlugin:80 - create IPUIPlugin
2025-08-19 10:32:23,291 [INFO] IPUIPlugin:80 - create IPUIPlugin
2025-08-19 10:32:23,291 [INFO] IPUIPlugin:80 - create IPUIPlugin
2025-08-19 10:32:23,291 [INFO] IPUIPlugin:80 - create IPUIPlugin
2025-08-19 10:32:23,291 [INFO] IPUIPlugin:80 - create IPUIPlugin
2025-08-19 10:32:23,291 [INFO] IPUIPlugin:80 - create IPUIPlugin
2025-08-19 10:32:23,291 [INFO] IPUIPlugin:80 - create IPUIPlugin
2025-08-19 10:32:23,292 [INFO] IPUIPlugin:80 - create IPUIPlugin
2025-08-19 10:32:23,292 [INFO] IPUIPlugin:80 - create IPUIPlugin
2025-08-19 10:32:23,292 [INFO] IPUIPlugin:80 - create IPUIPlugin
2025-08-19 10:32:23,292 [INFO] IPUIPlugin:80 - create IPUIPlugin
2025-08-19 10:32:23,292 [INFO] IPUIPlugin:80 - create IPUIPlugin
2025-08-19 10:32:23,292 [INFO] IPUIPlugin:80 - create IPUIPlugin
2025-08-19 10:32:23,293 [INFO] IPUIPlugin:80 - create IPUIPlugin
2025-08-19 10:32:23,293 [INFO] IPUIPlugin:80 - create IPUIPlugin
2025-08-19 10:32:23,293 [INFO] IPUIPlugin:80 - create IPUIPlugin
2025-08-19 10:32:23,293 [INFO] IPUIPlugin:80 - create IPUIPlugin
2025-08-19 10:32:23,293 [INFO] IPUIPlugin:80 - create IPUIPlugin
2025-08-19 10:32:23,294 [INFO] IPUIPlugin:80 - create IPUIPlugin
2025-08-19 10:32:23,294 [INFO] IPUIPlugin:80 - create IPUIPlugin
2025-08-19 10:32:23,294 [INFO] IPUIPlugin:80 - create IPUIPlugin
2025-08-19 10:32:23,294 [INFO] IPUIPlugin:80 - create IPUIPlugin
2025-08-19 10:32:23,294 [INFO] IPUIPlugin:80 - create IPUIPlugin
2025-08-19 10:32:23,295 [INFO] IPUIPlugin:80 - create IPUIPlugin
2025-08-19 10:32:23,295 [INFO] IPUIPlugin:80 - create IPUIPlugin
2025-08-19 10:32:23,319 [INFO] CADModel:165 - CPN selected for project levelSTM32F103C8T6
2025-08-19 10:32:23,319 [INFO] CADModel:114 - Register for checkConnection events
2025-08-19 10:32:23,363 [INFO] OpenFileManager:363 - Restore cursor
2025-08-19 10:32:23,652 [INFO] UtilMem:75 - End SaveConfig() Used Memory: 754894648 Bytes (1073741824)
2025-08-19 10:32:23,765 [INFO] UtilMem:75 - End SaveConfig() Used Memory: 767824120 Bytes (1073741824)
2025-08-19 10:32:23,929 [INFO] BlockDiagram:2766 - set Specific Code input for plugin: NVIC
2025-08-19 10:32:23,929 [INFO] BlockDiagram:2766 - set Specific Code input for plugin: RCC
2025-08-19 10:32:23,932 [INFO] CodeGenerator:807 - code generatio: config db path: D:\STM32CubeIDE_1.16.0\STM32CubeIDE\plugins\com.st.stm32cube.common.mx_6.12.0.202406281431\\db\
2025-08-19 10:32:24,000 [INFO] CodeEngine:255 - oldGeneratedFile, D:\bootloaderF1\stm32_app\MXTmpFiles\license.tmp_save
2025-08-19 10:32:24,111 [INFO] CodeEngine:279 - Generated code: D:\bootloaderF1\stm32_app\MXTmpFiles\license.tmp
2025-08-19 10:32:24,133 [INFO] CodeEngine:255 - oldGeneratedFile, D:\bootloaderF1\stm32_app\Core\Src\stm32f1xx_it.c_save
2025-08-19 10:32:24,360 [INFO] CodeEngine:279 - Generated code: D:\bootloaderF1\stm32_app\Core\Src\stm32f1xx_it.c
2025-08-19 10:32:24,368 [INFO] CodeEngine:255 - oldGeneratedFile, D:\bootloaderF1\stm32_app\Core\Inc\stm32f1xx_it.h_save
2025-08-19 10:32:24,465 [INFO] CodeEngine:279 - Generated code: D:\bootloaderF1\stm32_app\Core\Inc\stm32f1xx_it.h
2025-08-19 10:32:24,490 [INFO] CodeEngine:255 - oldGeneratedFile, D:\bootloaderF1\stm32_app\Core\Src\stm32f1xx_hal_msp.c_save
2025-08-19 10:32:24,588 [INFO] CodeEngine:279 - Generated code: D:\bootloaderF1\stm32_app\Core\Src\stm32f1xx_hal_msp.c
2025-08-19 10:32:24,594 [INFO] CodeEngine:255 - oldGeneratedFile, D:\bootloaderF1\stm32_app\MXTmpFiles\system.tmp_save
2025-08-19 10:32:24,647 [INFO] CodeEngine:279 - Generated code: D:\bootloaderF1\stm32_app\MXTmpFiles\system.tmp
2025-08-19 10:32:24,658 [INFO] CodeEngine:311 - oldGeneratedFile, D:\bootloaderF1\stm32_app\Core\Inc\stm32f1xx_hal_conf.h_save
2025-08-19 10:32:24,723 [INFO] CodeEngine:335 - Generated code: D:\bootloaderF1\stm32_app\Core\Inc\stm32f1xx_hal_conf.h
2025-08-19 10:32:24,747 [INFO] CodeEngine:255 - oldGeneratedFile, D:\bootloaderF1\stm32_app\Core\Inc\main.h_save
2025-08-19 10:32:24,839 [INFO] CodeEngine:279 - Generated code: D:\bootloaderF1\stm32_app\Core\Inc\main.h
2025-08-19 10:32:24,844 [INFO] CodeEngine:255 - oldGeneratedFile, D:\bootloaderF1\stm32_app\Core\Src\main.c_save
2025-08-19 10:32:24,925 [INFO] CodeEngine:279 - Generated code: D:\bootloaderF1\stm32_app\Core\Src\main.c
2025-08-19 10:32:25,410 [INFO] ProjectBuilder:3249 - Time for Copy HAL[1] : 322mS.
2025-08-19 10:32:25,416 [INFO] ProjectBuilder:4828 - Project Generator version: 4.4.0-B60
2025-08-19 10:32:25,499 [INFO] ConfigFileManager:1531 - The Die is : DIE410
2025-08-19 10:32:25,502 [INFO] ApiDbMcu:508 - Load IP Config File for FATFS
2025-08-19 10:32:25,505 [INFO] ApiDbMcu:508 - Load IP Config File for FREERTOS
2025-08-19 10:32:25,509 [INFO] ApiDbMcu:508 - Load IP Config File for USB_DEVICE
2025-08-19 10:32:26,922 [INFO] ProjectBuilder:5097 - Time for Generating toolchain IDE Files: 1506mS.
2025-08-19 10:32:26,924 [INFO] ProjectBuilder:3107 - Time for Copy CMSIS : 1mS.
2025-08-19 10:32:26,929 [INFO] ProjectBuilder:3107 - Time for Copy CMSIS : 0mS.
2025-08-19 10:32:27,407 [INFO] McuFinderGlobals:76 - Set McuFinderConnectedMode to true
2025-08-19 10:32:27,410 [INFO] ApiDb:448 - Save user favorites file C:\Users\Truong Quoc Huy/.stm32cubeide/favorites.mcus.txt: 0 item(s)
2025-08-19 10:32:27,410 [INFO] ApiDb:452 - User favorites MCUs=[]
2025-08-19 11:06:02,138 [ERROR] LogOutputStream:75 - [STDERR_REDIRECT] 
