2025-08-22 16:30:38,464 [INFO] Activator:176 - 


2025-08-22 16:30:38,473 [INFO] Activator:177 - !SESSION log4j initialized
2025-08-22 16:30:44,945 [INFO] LogOutputStream:77 - [STDOUT_REDIRECT] 
2025-08-22 16:30:45,875 [INFO] ApplicationProperties:184 - Using Application install path: D:\STM32CubeIDE_1.16.0\STM32CubeIDE\plugins\com.st.stm32cube.common.mx_6.12.0.202406281431
2025-08-22 16:30:45,894 [INFO] DbMcusXml:78 - Set database path to: D:\STM32CubeIDE_1.16.0\STM32CubeIDE\plugins\com.st.stm32cube.common.mx_6.12.0.202406281431\\db\/mcu/
2025-08-22 16:30:45,895 [INFO] ApiDb:274 - Set plugin database path to: D:\STM32CubeIDE_1.16.0\STM32CubeIDE\plugins\com.st.stm32cube.common.mx_6.12.0.202406281431\\db\/plugins/boardmanager/
2025-08-22 16:30:45,896 [WARN] ApiDb:259 - Overriding images path with different value:  => D:\STM32CubeIDE_1.16.0\STM32CubeIDE\plugins\com.st.stm32cube.common.mx_6.12.0.202406281431\\db\/plugins/mcufinder/images/
2025-08-22 16:30:45,908 [INFO] ApiDb:250 - Set database path to: C:\Users\Truong Quoc Huy\.stmcufinder\plugins\mcufinder//mcu/
2025-08-22 16:30:45,909 [INFO] DbMcusAds:125 - Set database path to: C:\Users\Truong Quoc Huy\.stmcufinder\plugins\mcufinder//mcu/
2025-08-22 16:30:45,913 [INFO] CrossReferenceDbSqlite:203 - Set database path to: C:\Users\Truong Quoc Huy\.stmcufinder\plugins\mcufinder//mcu/cs/
2025-08-22 16:30:46,039 [INFO] RulesReader:64 - Compatibility file has been processed (297 Rules)
2025-08-22 16:30:46,118 [INFO] DbMcusXml:78 - Set database path to: D:\STM32CubeIDE_1.16.0\STM32CubeIDE\plugins\com.st.stm32cube.common.mx_6.12.0.202406281431\\db\/mcu/
2025-08-22 16:30:46,118 [INFO] ApiDb:274 - Set plugin database path to: D:\STM32CubeIDE_1.16.0\STM32CubeIDE\plugins\com.st.stm32cube.common.mx_6.12.0.202406281431\\db\/plugins/boardmanager/
2025-08-22 16:30:46,119 [INFO] ApiDb:261 - Set plugin images path to: D:\STM32CubeIDE_1.16.0\STM32CubeIDE\plugins\com.st.stm32cube.common.mx_6.12.0.202406281431\\db\/plugins/mcufinder/images/
2025-08-22 16:30:46,120 [WARN] DbFile:41 - Overriding database path with different value: C:\Users\Truong Quoc Huy\.stmcufinder\plugins\mcufinder/ => C:\Users\Truong Quoc Huy\.stmcufinder\plugins\mcufinder
2025-08-22 16:30:46,120 [INFO] ApiDb:250 - Set database path to: C:\Users\Truong Quoc Huy\.stmcufinder\plugins\mcufinder//mcu/
2025-08-22 16:30:46,121 [WARN] DbFile:41 - Overriding database path with different value: C:\Users\Truong Quoc Huy\.stmcufinder\plugins\mcufinder/ => C:\Users\Truong Quoc Huy\.stmcufinder\plugins\mcufinder
2025-08-22 16:30:46,121 [INFO] DbMcusAds:125 - Set database path to: C:\Users\Truong Quoc Huy\.stmcufinder\plugins\mcufinder//mcu/
2025-08-22 16:30:46,121 [WARN] DbFile:41 - Overriding database path with different value: C:\Users\Truong Quoc Huy\.stmcufinder\plugins\mcufinder/ => C:\Users\Truong Quoc Huy\.stmcufinder\plugins\mcufinder
2025-08-22 16:30:46,121 [WARN] DbFile:41 - Overriding database path with different value: C:\Users\Truong Quoc Huy\.stmcufinder\plugins\mcufinder/ => C:\Users\Truong Quoc Huy\.stmcufinder\plugins\mcufinder
2025-08-22 16:30:46,121 [INFO] CrossReferenceDbSqlite:203 - Set database path to: C:\Users\Truong Quoc Huy\.stmcufinder\plugins\mcufinder//mcu/cs/
2025-08-22 16:30:46,200 [INFO] MainPanel:268 - HeapMemory: 268435456
2025-08-22 16:30:46,311 [INFO] DbMcusXml:78 - Set database path to: D:\STM32CubeIDE_1.16.0\STM32CubeIDE\plugins\com.st.stm32cube.common.mx_6.12.0.202406281431\\db\/mcu/
2025-08-22 16:30:46,311 [INFO] ApiDb:274 - Set plugin database path to: D:\STM32CubeIDE_1.16.0\STM32CubeIDE\plugins\com.st.stm32cube.common.mx_6.12.0.202406281431\\db\/plugins/boardmanager/
2025-08-22 16:30:46,312 [INFO] ApiDb:261 - Set plugin images path to: D:\STM32CubeIDE_1.16.0\STM32CubeIDE\plugins\com.st.stm32cube.common.mx_6.12.0.202406281431\\db\/plugins/mcufinder/images/
2025-08-22 16:30:46,312 [WARN] DbFile:41 - Overriding database path with different value: C:\Users\Truong Quoc Huy\.stmcufinder\plugins\mcufinder/ => C:\Users\Truong Quoc Huy\.stmcufinder\plugins\mcufinder
2025-08-22 16:30:46,312 [INFO] ApiDb:250 - Set database path to: C:\Users\Truong Quoc Huy\.stmcufinder\plugins\mcufinder//mcu/
2025-08-22 16:30:46,312 [WARN] DbFile:41 - Overriding database path with different value: C:\Users\Truong Quoc Huy\.stmcufinder\plugins\mcufinder/ => C:\Users\Truong Quoc Huy\.stmcufinder\plugins\mcufinder
2025-08-22 16:30:46,312 [INFO] DbMcusAds:125 - Set database path to: C:\Users\Truong Quoc Huy\.stmcufinder\plugins\mcufinder//mcu/
2025-08-22 16:30:46,312 [WARN] DbFile:41 - Overriding database path with different value: C:\Users\Truong Quoc Huy\.stmcufinder\plugins\mcufinder/ => C:\Users\Truong Quoc Huy\.stmcufinder\plugins\mcufinder
2025-08-22 16:30:46,312 [WARN] DbFile:41 - Overriding database path with different value: C:\Users\Truong Quoc Huy\.stmcufinder\plugins\mcufinder/ => C:\Users\Truong Quoc Huy\.stmcufinder\plugins\mcufinder
2025-08-22 16:30:46,313 [INFO] CrossReferenceDbSqlite:203 - Set database path to: C:\Users\Truong Quoc Huy\.stmcufinder\plugins\mcufinder//mcu/cs/
2025-08-22 16:30:46,328 [INFO] ApplicationProperties:184 - Using Application install path: D:\STM32CubeIDE_1.16.0\STM32CubeIDE\plugins\com.st.stm32cube.common.mx_6.12.0.202406281431
2025-08-22 16:30:46,329 [INFO] PluginManage:196 - Search for loadable plugins [exclusion list=, ]
2025-08-22 16:30:46,330 [INFO] PluginManage:310 - Check plugin analytics
2025-08-22 16:30:46,476 [INFO] AnalyticsPlugin:253 - Accepted Software Licenses: 
2025-08-22 16:30:46,476 [INFO] AnalyticsPlugin:255 - Accepted CMSIS Pack Licenses: 
2025-08-22 16:30:46,477 [INFO] AnalyticsPlugin:257 - Accepted Firmware Licenses: FW.F4.1.27.0,FW.F4.1.28.0
2025-08-22 16:30:46,479 [INFO] PluginManage:359 - Loaded plugin analytics (category:tool,tabindex:-1)
2025-08-22 16:30:46,479 [INFO] PluginManage:310 - Check plugin cadmodel
2025-08-22 16:30:46,489 [INFO] CADModel:105 - Init CAD model plugin
2025-08-22 16:30:46,489 [INFO] PluginManage:359 - Loaded plugin cadmodel (category:power,tabindex:5)
2025-08-22 16:30:46,489 [INFO] PluginManage:310 - Check plugin clock
2025-08-22 16:30:46,512 [INFO] PluginManage:359 - Loaded plugin clock (category:base,tabindex:2)
2025-08-22 16:30:46,513 [INFO] PluginManage:310 - Check plugin ddr
2025-08-22 16:30:46,527 [INFO] PluginManage:359 - Loaded plugin ddr (category:tool,tabindex:6)
2025-08-22 16:30:46,528 [INFO] PluginManage:310 - Check plugin filemanager
2025-08-22 16:30:46,690 [INFO] PluginManage:359 - Loaded plugin filemanager (category:base,tabindex:10)
2025-08-22 16:30:46,691 [INFO] PluginManage:310 - Check plugin ipmanager
2025-08-22 16:30:46,697 [INFO] PluginManage:359 - Loaded plugin ipmanager (category:base,tabindex:5)
2025-08-22 16:30:46,697 [INFO] PluginManage:310 - Check plugin lpbam
2025-08-22 16:30:46,707 [INFO] PluginManage:359 - Loaded plugin lpbam (category:base,tabindex:0)
2025-08-22 16:30:46,707 [INFO] PluginManage:310 - Check plugin memorymap
2025-08-22 16:30:46,739 [INFO] PluginManage:359 - Loaded plugin memorymap (category:base,tabindex:4)
2025-08-22 16:30:46,739 [INFO] PluginManage:310 - Check plugin pinoutandconfiguration
2025-08-22 16:30:46,754 [INFO] PluginManage:359 - Loaded plugin pinoutandconfiguration (category:base,tabindex:1)
2025-08-22 16:30:46,755 [INFO] PluginManage:310 - Check plugin pinoutconfig
2025-08-22 16:30:46,842 [WARN] SupportedApi:132 - Cannot load RTOS API schema: s4s-elt-must-match.1: The content of 'definitions' must match (annotation?, (simpleType | complexType)?, (unique | key | keyref)*)). A problem was found starting at: attribute.
2025-08-22 16:30:46,966 [INFO] PluginManage:359 - Loaded plugin pinoutconfig (category:base,tabindex:0)
2025-08-22 16:30:46,966 [INFO] PluginManage:310 - Check plugin power
2025-08-22 16:30:46,986 [INFO] PluginManage:359 - Loaded plugin power (category:power,tabindex:4)
2025-08-22 16:30:46,987 [INFO] PluginManage:310 - Check plugin projectmanager
2025-08-22 16:30:47,000 [INFO] PluginManage:359 - Loaded plugin projectmanager (category:projectmanager,tabindex:4)
2025-08-22 16:30:47,000 [INFO] PluginManage:310 - Check plugin rif
2025-08-22 16:30:47,020 [INFO] PluginManage:359 - Loaded plugin rif (category:base,tabindex:3)
2025-08-22 16:30:47,020 [INFO] PluginManage:310 - Check plugin thirdparty
2025-08-22 16:30:47,143 [INFO] PluginManage:359 - Loaded plugin thirdparty (category:base,tabindex:-1)
2025-08-22 16:30:47,143 [WARN] IntegrityCheckThread:84 - waiting for thirdparty lock release [integrity check]
2025-08-22 16:30:47,143 [INFO] IntegrityCheckThread:86 - entering critical section [integrity check]
2025-08-22 16:30:47,143 [INFO] PluginManage:310 - Check plugin tools
2025-08-22 16:30:47,144 [INFO] ThirdPartyUpdaterWithRetryManager:70 - Updater plugin not ready yet. [1/15]
2025-08-22 16:30:47,146 [INFO] PluginManage:359 - Loaded plugin tools (category:base,tabindex:7)
2025-08-22 16:30:47,146 [INFO] PluginManage:310 - Check plugin tutovideos
2025-08-22 16:30:47,311 [INFO] PluginManage:359 - Loaded plugin tutovideos (category:base,tabindex:-1)
2025-08-22 16:30:47,311 [INFO] PluginManage:310 - Check plugin updater
2025-08-22 16:30:47,324 [INFO] PluginManage:359 - Loaded plugin updater (category:base,tabindex:12)
2025-08-22 16:30:47,324 [INFO] PluginManage:310 - Check plugin userauth
2025-08-22 16:30:47,331 [INFO] UserAuth:113 - Init User Auth plugin
2025-08-22 16:30:47,331 [INFO] PluginManage:359 - Loaded plugin userauth (category:base,tabindex:14)
2025-08-22 16:30:47,331 [INFO] PluginManage:283 - PluginManage : Loaded plugins [18]
2025-08-22 16:30:47,535 [INFO] PinOutPanel:1561 - setPackage(No Configuration,No Configuration)
2025-08-22 16:30:47,622 [INFO] CADModel:165 - CPN selected for project level
2025-08-22 16:30:47,622 [INFO] CADModel:114 - Register for checkConnection events
2025-08-22 16:30:47,641 [INFO] IPUIPlugin:80 - create IPUIPlugin
2025-08-22 16:30:47,641 [INFO] PluginManager:220 - loadIPPluginJar : add adc
2025-08-22 16:30:47,643 [INFO] IPUIPlugin:80 - create IPUIPlugin
2025-08-22 16:30:47,644 [INFO] PluginManager:220 - loadIPPluginJar : add aes
2025-08-22 16:30:47,646 [INFO] IPUIPlugin:80 - create IPUIPlugin
2025-08-22 16:30:47,646 [INFO] PluginManager:220 - loadIPPluginJar : add can
2025-08-22 16:30:47,648 [INFO] IPUIPlugin:80 - create IPUIPlugin
2025-08-22 16:30:47,648 [INFO] PluginManager:220 - loadIPPluginJar : add comp
2025-08-22 16:30:47,651 [INFO] IPUIPlugin:80 - create IPUIPlugin
2025-08-22 16:30:47,651 [INFO] PluginManager:220 - loadIPPluginJar : add cryp
2025-08-22 16:30:47,660 [INFO] IPUIPlugin:80 - create IPUIPlugin
2025-08-22 16:30:47,660 [INFO] PluginManager:220 - loadIPPluginJar : add ddr_ctrl_phy
2025-08-22 16:30:47,663 [INFO] IPUIPlugin:80 - create IPUIPlugin
2025-08-22 16:30:47,663 [INFO] PluginManager:220 - loadIPPluginJar : add dfsdm
2025-08-22 16:30:47,669 [INFO] IPUIPlugin:80 - create IPUIPlugin
2025-08-22 16:30:47,669 [INFO] PluginManager:220 - loadIPPluginJar : add dma
2025-08-22 16:30:47,671 [INFO] IPUIPlugin:80 - create IPUIPlugin
2025-08-22 16:30:47,671 [INFO] PluginManager:220 - loadIPPluginJar : add dma3
2025-08-22 16:30:47,674 [INFO] IPUIPlugin:80 - create IPUIPlugin
2025-08-22 16:30:47,675 [INFO] PluginManager:220 - loadIPPluginJar : add extmemmanager
2025-08-22 16:30:47,676 [INFO] IPUIPlugin:80 - create IPUIPlugin
2025-08-22 16:30:47,676 [INFO] PluginManager:220 - loadIPPluginJar : add fatfs
2025-08-22 16:30:47,679 [INFO] IPUIPlugin:80 - create IPUIPlugin
2025-08-22 16:30:47,679 [INFO] PluginManager:220 - loadIPPluginJar : add fmc
2025-08-22 16:30:47,687 [INFO] IPUIPlugin:80 - create IPUIPlugin
2025-08-22 16:30:47,687 [INFO] PluginManager:220 - loadIPPluginJar : add freertos
2025-08-22 16:30:47,688 [INFO] IPUIPlugin:80 - create IPUIPlugin
2025-08-22 16:30:47,688 [INFO] PluginManager:220 - loadIPPluginJar : add genericplugin
2025-08-22 16:30:47,691 [INFO] IPUIPlugin:80 - create IPUIPlugin
2025-08-22 16:30:47,691 [INFO] PluginManager:220 - loadIPPluginJar : add gfxmmu
2025-08-22 16:30:47,694 [INFO] IPUIPlugin:80 - create IPUIPlugin
2025-08-22 16:30:47,694 [INFO] PluginManager:220 - loadIPPluginJar : add gic
2025-08-22 16:30:47,698 [INFO] IPUIPlugin:80 - create IPUIPlugin
2025-08-22 16:30:47,698 [INFO] PluginManager:220 - loadIPPluginJar : add gpio
2025-08-22 16:30:47,700 [INFO] IPUIPlugin:80 - create IPUIPlugin
2025-08-22 16:30:47,700 [INFO] PluginManager:220 - loadIPPluginJar : add gtzc
2025-08-22 16:30:47,702 [INFO] IPUIPlugin:80 - create IPUIPlugin
2025-08-22 16:30:47,702 [INFO] PluginManager:220 - loadIPPluginJar : add hash
2025-08-22 16:30:47,704 [INFO] IPUIPlugin:80 - create IPUIPlugin
2025-08-22 16:30:47,704 [INFO] PluginManager:220 - loadIPPluginJar : add i2c
2025-08-22 16:30:47,707 [INFO] IPUIPlugin:80 - create IPUIPlugin
2025-08-22 16:30:47,707 [INFO] PluginManager:220 - loadIPPluginJar : add i2s
2025-08-22 16:30:47,710 [INFO] IPUIPlugin:80 - create IPUIPlugin
2025-08-22 16:30:47,710 [INFO] PluginManager:220 - loadIPPluginJar : add i3c
2025-08-22 16:30:47,713 [INFO] IPUIPlugin:80 - create IPUIPlugin
2025-08-22 16:30:47,713 [INFO] PluginManager:220 - loadIPPluginJar : add ipddr
2025-08-22 16:30:47,727 [INFO] IPUIPlugin:80 - create IPUIPlugin
2025-08-22 16:30:47,727 [INFO] PluginManager:220 - loadIPPluginJar : add linkedlist
2025-08-22 16:30:47,730 [INFO] IPUIPlugin:80 - create IPUIPlugin
2025-08-22 16:30:47,730 [INFO] PluginManager:220 - loadIPPluginJar : add lorawan
2025-08-22 16:30:47,732 [INFO] IPUIPlugin:80 - create IPUIPlugin
2025-08-22 16:30:47,732 [INFO] PluginManager:220 - loadIPPluginJar : add ltdc
2025-08-22 16:30:47,738 [INFO] IPUIPlugin:80 - create IPUIPlugin
2025-08-22 16:30:47,738 [INFO] PluginManager:220 - loadIPPluginJar : add mdma
2025-08-22 16:30:47,741 [INFO] IPUIPlugin:80 - create IPUIPlugin
2025-08-22 16:30:47,741 [INFO] PluginManager:220 - loadIPPluginJar : add nvic
2025-08-22 16:30:47,744 [INFO] IPUIPlugin:80 - create IPUIPlugin
2025-08-22 16:30:47,744 [INFO] PluginManager:220 - loadIPPluginJar : add opamp
2025-08-22 16:30:47,747 [INFO] IPUIPlugin:80 - create IPUIPlugin
2025-08-22 16:30:47,747 [INFO] PluginManager:220 - loadIPPluginJar : add openamp
2025-08-22 16:30:47,750 [INFO] IPUIPlugin:80 - create IPUIPlugin
2025-08-22 16:30:47,750 [INFO] PluginManager:220 - loadIPPluginJar : add pdm2pcm
2025-08-22 16:30:47,759 [INFO] IPUIPlugin:80 - create IPUIPlugin
2025-08-22 16:30:47,761 [INFO] PluginManager:220 - loadIPPluginJar : add plateformsettings
2025-08-22 16:30:47,762 [INFO] IPUIPlugin:80 - create IPUIPlugin
2025-08-22 16:30:47,762 [INFO] PluginManager:220 - loadIPPluginJar : add quadspi
2025-08-22 16:30:47,764 [INFO] IPUIPlugin:80 - create IPUIPlugin
2025-08-22 16:30:47,765 [INFO] PluginManager:220 - loadIPPluginJar : add radio
2025-08-22 16:30:47,769 [INFO] IPUIPlugin:80 - create IPUIPlugin
2025-08-22 16:30:47,769 [INFO] PluginManager:220 - loadIPPluginJar : add resmgrutility
2025-08-22 16:30:47,772 [INFO] IPUIPlugin:80 - create IPUIPlugin
2025-08-22 16:30:47,773 [INFO] PluginManager:220 - loadIPPluginJar : add sai
2025-08-22 16:30:47,774 [INFO] IPUIPlugin:80 - create IPUIPlugin
2025-08-22 16:30:47,775 [INFO] PluginManager:220 - loadIPPluginJar : add spi
2025-08-22 16:30:47,779 [INFO] IPUIPlugin:80 - create IPUIPlugin
2025-08-22 16:30:47,779 [INFO] PluginManager:220 - loadIPPluginJar : add stm32_wpan
2025-08-22 16:30:47,780 [INFO] IPUIPlugin:80 - create IPUIPlugin
2025-08-22 16:30:47,781 [INFO] PluginManager:220 - loadIPPluginJar : add tim
2025-08-22 16:30:47,783 [INFO] IPUIPlugin:80 - create IPUIPlugin
2025-08-22 16:30:47,783 [INFO] PluginManager:220 - loadIPPluginJar : add touchsensing
2025-08-22 16:30:47,785 [INFO] IPUIPlugin:80 - create IPUIPlugin
2025-08-22 16:30:47,785 [INFO] PluginManager:220 - loadIPPluginJar : add tracer_emb
2025-08-22 16:30:47,787 [INFO] IPUIPlugin:80 - create IPUIPlugin
2025-08-22 16:30:47,787 [INFO] PluginManager:220 - loadIPPluginJar : add ts
2025-08-22 16:30:47,788 [INFO] IPUIPlugin:80 - create IPUIPlugin
2025-08-22 16:30:47,788 [INFO] PluginManager:220 - loadIPPluginJar : add tsc
2025-08-22 16:30:47,790 [INFO] IPUIPlugin:80 - create IPUIPlugin
2025-08-22 16:30:47,790 [INFO] PluginManager:220 - loadIPPluginJar : add ucpd
2025-08-22 16:30:47,792 [INFO] IPUIPlugin:80 - create IPUIPlugin
2025-08-22 16:30:47,792 [INFO] PluginManager:220 - loadIPPluginJar : add usart
2025-08-22 16:30:47,795 [INFO] IPUIPlugin:80 - create IPUIPlugin
2025-08-22 16:30:47,795 [INFO] PluginManager:220 - loadIPPluginJar : add usbx
2025-08-22 16:30:47,916 [INFO] CADModel:165 - CPN selected for project level
2025-08-22 16:30:47,916 [INFO] CADModel:114 - Register for checkConnection events
2025-08-22 16:30:47,917 [FATAL] Updater:334 - Updater called before beeing initialized
2025-08-22 16:30:47,917 [ERROR] CADModel:125 - Updater not yet initialized, retry later 
2025-08-22 16:30:48,049 [INFO] CADModel:165 - CPN selected for project level
2025-08-22 16:30:48,050 [INFO] CADModel:114 - Register for checkConnection events
2025-08-22 16:30:48,050 [FATAL] Updater:334 - Updater called before beeing initialized
2025-08-22 16:30:48,050 [ERROR] CADModel:125 - Updater not yet initialized, retry later 
2025-08-22 16:30:48,053 [FATAL] Updater:334 - Updater called before beeing initialized
2025-08-22 16:30:48,154 [FATAL] Updater:334 - Updater called before beeing initialized
2025-08-22 16:30:48,157 [INFO] DbMcusAds:53 - JSON generation date=Tue Jul 08 15:14:23 ICT 2025 (1751962463582)
2025-08-22 16:30:48,158 [FATAL] Updater:334 - Updater called before beeing initialized
2025-08-22 16:30:48,215 [WARN] DetailPanel:346 - Failed to get advertising image, set to default
2025-08-22 16:30:48,296 [FATAL] Updater:334 - Updater called before beeing initialized
2025-08-22 16:30:48,297 [FATAL] Updater:334 - Updater called before beeing initialized
2025-08-22 16:30:48,298 [FATAL] Updater:334 - Updater called before beeing initialized
2025-08-22 16:30:48,298 [WARN] DetailPanel:346 - Failed to get advertising image, set to default
2025-08-22 16:30:48,299 [FATAL] Updater:334 - Updater called before beeing initialized
2025-08-22 16:30:48,335 [ERROR] Updater:1164 - MainUpdater not yet initialized. External WinMGr cannot be set.
2025-08-22 16:30:48,337 [INFO] Updater:1100 - Updater Version found : 6.12.0
2025-08-22 16:30:48,356 [INFO] ApplicationProperties:184 - Using Application install path: D:\STM32CubeIDE_1.16.0\STM32CubeIDE\plugins\com.st.stm32cube.common.mx_6.12.0.202406281431
2025-08-22 16:30:48,779 [INFO] MainUpdater:2873 - connection check result : 10
2025-08-22 16:30:48,779 [INFO] MainUpdater:3567 - Updater definition file requires update
2025-08-22 16:30:48,781 [INFO] MainUpdater:290 - Updater Check For Update Now.
2025-08-22 16:30:48,781 [INFO] MicroXplorer:498 - Change Database Version : DB.6.0.120
2025-08-22 16:30:48,787 [INFO] McuFinderGlobals:63 - Set McuFinder mode to 2 (CubeIDE integrated)
2025-08-22 16:30:48,787 [INFO] UserAuth:179 - activating auth plugin
2025-08-22 16:30:48,790 [INFO] UserAuth:417 - Internet connection configuration mode: 1
2025-08-22 16:30:48,810 [INFO] JxBrowserEngine:152 - Initiate JxBrowser Engine with user profile folder
2025-08-22 16:30:48,857 [INFO] ServerAccessManage:473 - Download File updaters.zip
2025-08-22 16:30:49,273 [INFO] FileExtend:240 - Unzip File : updaters.zip
2025-08-22 16:30:49,273 [INFO] FileExtend:255 - Standard Zip Deflate
2025-08-22 16:30:50,146 [WARN] MainUpdater:1194 - Updater busy. Cannot search thirdparties
2025-08-22 16:30:50,146 [INFO] ThirdPartyUpdaterWithRetryManager:96 - Updater plugin is busy. [1/15]
2025-08-22 16:30:50,161 [INFO] ServerAccessManage:473 - Download File PacksControlFlags.xml
2025-08-22 16:30:50,316 [INFO] ServerAccessManage:473 - Download File cubemx.pidx
2025-08-22 16:30:50,340 [INFO] WebApp:167 - Instantiating new browser for Auth
2025-08-22 16:30:50,453 [INFO] LoadServerUpdatesThread:375 - End of LoadServerUpdate Thread
2025-08-22 16:30:50,713 [INFO] CheckServerUpdateThread:120 - End of CheckServer Thread
2025-08-22 16:30:52,007 [INFO] WebApp:448 - Apply proxy settings
2025-08-22 16:30:52,008 [INFO] WebApp:533 - Chromium requires no authentication
2025-08-22 16:30:52,021 [INFO] WebApp:476 - Direct internet connection detected
2025-08-22 16:30:52,056 [INFO] WebApp:869 - Register for checkConnection events
2025-08-22 16:30:52,057 [INFO] WebApp:448 - Apply proxy settings
2025-08-22 16:30:52,057 [INFO] WebApp:533 - Chromium requires no authentication
2025-08-22 16:30:52,057 [INFO] WebApp:476 - Direct internet connection detected
2025-08-22 16:30:52,243 [INFO] WebApp:220 - Starting web application
2025-08-22 16:30:52,243 [INFO] WebApp:578 - Web application path used D:\STM32CubeIDE_1.16.0\STM32CubeIDE\plugins\com.st.stm32cube.common.mx_6.12.0.202406281431\db\plugins\mcufinder\reactClient1\index.html
2025-08-22 16:30:53,331 [WARN] PackLoader:240 - Cannot read IP mode file for STMicroelectronics.FP-SNS-MOTENVWB1.1.4.0
2025-08-22 16:30:53,340 [WARN] PackLoader:240 - Cannot read IP mode file for STMicroelectronics.X-CUBE-SMBUS.2.1.0
2025-08-22 16:30:53,362 [WARN] PackLoader:240 - Cannot read IP mode file for STMicroelectronics.X-CUBE-AZRTOS-F7.1.1.0
2025-08-22 16:30:53,374 [WARN] PackLoader:240 - Cannot read IP mode file for STMicroelectronics.X-CUBE-DISPLAY.3.0.0
2025-08-22 16:30:53,385 [WARN] PackLoader:240 - Cannot read IP mode file for STMicroelectronics.FP-SNS-SMARTAG2.1.2.0
2025-08-22 16:30:53,395 [INFO] LogOutputStream:77 - [STDOUT_REDIRECT] 1 : Invalid condition id : UX_CORESTACK_Condition cause : null
2025-08-22 16:30:53,395 [INFO] LogOutputStream:77 - [STDOUT_REDIRECT] 1 : Invalid condition id : UX_CORESTACK_Condition cause : null
2025-08-22 16:30:53,396 [INFO] LogOutputStream:77 - [STDOUT_REDIRECT] 1 : Invalid condition id : UX_CORESTACK_Condition cause : null
2025-08-22 16:30:53,397 [INFO] LogOutputStream:77 - [STDOUT_REDIRECT] 1 : Invalid condition id : UX_CORESTACK_Condition cause : null
2025-08-22 16:30:53,398 [INFO] LogOutputStream:77 - [STDOUT_REDIRECT] 1 : Invalid condition id : UX_CORESTACK_Condition cause : null
2025-08-22 16:30:53,402 [WARN] PackLoader:240 - Cannot read IP mode file for STMicroelectronics.X-CUBE-AZRTOS-WL.2.0.0
2025-08-22 16:30:53,409 [WARN] PackLoader:240 - Cannot read IP mode file for STMicroelectronics.FP-SNS-MOTENV1.5.0.0
2025-08-22 16:30:53,418 [WARN] PackLoader:240 - Cannot read IP mode file for STMicroelectronics.X-CUBE-BLE2.3.3.0
2025-08-22 16:30:53,435 [WARN] PackLoader:240 - Cannot read IP mode file for STMicroelectronics.X-CUBE-AZRTOS-G0.1.1.0
2025-08-22 16:30:53,444 [WARN] PackLoader:240 - Cannot read IP mode file for STMicroelectronics.X-CUBE-SAFEA1.1.2.2
2025-08-22 16:30:53,451 [WARN] PackLoader:240 - Cannot read IP mode file for STMicroelectronics.X-CUBE-NFC4.3.0.0
2025-08-22 16:30:53,456 [WARN] PackLoader:240 - Cannot read IP mode file for STMicroelectronics.FP-ATR-SIGFOX1.3.2.0
2025-08-22 16:30:53,485 [WARN] PackLoader:240 - Cannot read IP mode file for SEGGER.I-CUBE-embOS.1.3.1
2025-08-22 16:30:53,522 [WARN] PackLoader:240 - Cannot read IP mode file for STMicroelectronics.X-CUBE-ALGOBUILD.1.4.0
2025-08-22 16:30:53,537 [WARN] PackLoader:240 - Cannot read IP mode file for STMicroelectronics.X-CUBE-AZRTOS-F4.1.1.0
2025-08-22 16:30:53,552 [WARN] PackLoader:240 - Cannot read IP mode file for STMicroelectronics.X-CUBE-AZRTOS-L5.2.0.0
2025-08-22 16:30:53,561 [WARN] PackLoader:240 - Cannot read IP mode file for STMicroelectronics.X-CUBE-NFC6.3.1.0
2025-08-22 16:30:53,576 [WARN] ConditionMgr:438 - getConditionDescription Invalid condition id : LAN8742 Phy interface Condition cause : null
2025-08-22 16:30:53,577 [WARN] PackLoader:240 - Cannot read IP mode file for STMicroelectronics.X-CUBE-AZRTOS-L4.2.0.0
2025-08-22 16:30:53,578 [WARN] ConditionMgr:1039 - genDependencies : Invalid condition id : LAN8742 Phy interface Condition cause : null
2025-08-22 16:30:53,579 [WARN] ConditionMgr:1039 - genDependencies : Invalid condition id : LAN8742 Phy interface Condition cause : null
2025-08-22 16:30:53,579 [WARN] ConditionMgr:1039 - genDependencies : Invalid condition id : LAN8742 Phy interface Condition cause : null
2025-08-22 16:30:53,586 [WARN] PackLoader:240 - Cannot read IP mode file for STMicroelectronics.X-CUBE-SFXS2LP1.4.0.0
2025-08-22 16:30:53,597 [WARN] ConditionMgr:438 - getConditionDescription Invalid condition id : UX DEVICE CLASS RTOS Condition cause : null
2025-08-22 16:30:53,598 [WARN] ConditionMgr:438 - getConditionDescription Invalid condition id : UX DEVICE CLASS RTOS Condition cause : null
2025-08-22 16:30:53,600 [WARN] PackLoader:240 - Cannot read IP mode file for STMicroelectronics.X-CUBE-AZRTOS-WB.2.0.0
2025-08-22 16:30:53,600 [WARN] ConditionMgr:1039 - genDependencies : Invalid condition id : UX DEVICE CLASS RTOS Condition cause : null
2025-08-22 16:30:53,600 [WARN] ConditionMgr:1039 - genDependencies : Invalid condition id : UX DEVICE CLASS RTOS Condition cause : null
2025-08-22 16:30:53,601 [WARN] ConditionMgr:1039 - genDependencies : Invalid condition id : UX DEVICE CLASS RTOS Condition cause : null
2025-08-22 16:30:53,601 [WARN] ConditionMgr:1039 - genDependencies : Invalid condition id : UX DEVICE CLASS RTOS Condition cause : null
2025-08-22 16:30:53,601 [WARN] ConditionMgr:1039 - genDependencies : Invalid condition id : UX DEVICE CLASS RTOS Condition cause : null
2025-08-22 16:30:53,610 [WARN] PackLoader:240 - Cannot read IP mode file for STMicroelectronics.X-CUBE-SUBG2.5.0.0
2025-08-22 16:30:53,625 [WARN] PackLoader:240 - Cannot read IP mode file for STMicroelectronics.X-CUBE-AZRTOS-G4.2.0.0
2025-08-22 16:30:53,632 [WARN] PackLoader:240 - Cannot read IP mode file for STMicroelectronics.X-CUBE-ALS.1.0.2
2025-08-22 16:30:53,633 [INFO] ThirdParty:978 - Integrity check success = true
2025-08-22 16:30:53,633 [INFO] IntegrityCheckThread:100 - exiting critical section [integrity check]
2025-08-22 16:30:53,633 [INFO] IntegrityCheckThread:103 - End integrity checks thread
2025-08-22 16:30:54,667 [INFO] WebApp:186 - Connection restablished
2025-08-22 20:58:45,440 [INFO] WebApp:189 - Connection lost
2025-08-22 20:58:46,413 [INFO] WebApp:186 - Connection restablished
2025-08-22 20:58:47,443 [INFO] WebApp:189 - Connection lost
2025-08-22 20:58:47,614 [INFO] WebApp:186 - Connection restablished
2025-08-22 21:29:13,990 [INFO] WebApp:189 - Connection lost
2025-08-22 21:29:14,152 [INFO] WebApp:186 - Connection restablished
2025-08-22 22:09:04,955 [INFO] WebApp:189 - Connection lost
2025-08-22 22:09:05,328 [INFO] WebApp:186 - Connection restablished
2025-08-22 22:09:25,915 [ERROR] LogOutputStream:75 - [STDERR_REDIRECT] 
